[2;36m[04/19/26 13:29:18][0m[2;36m [0m[1;7;31mCRITICAL[0m [1;31mTARGETING SINKS: system, execve                    [0m
[2;36m[04/19/26 13:29:20][0m[2;36m [0m[34mINFO    [0m [37mRunning RDA Taint on function sub_fd60@0xfd60...   [0m
[2;36m                   [0m[2;36m [0m[34mINFO    [0m [37mRunning RDA on function sub_fd60@0xfd60...         [0m
[2;36m                   [0m[2;36m [0m[34mINFO    [0m [37mFound 1 potential sinks.                           [0m
[2;36m                   [0m[2;36m [0m[34mINFO    [0m [34mResolved call to system:[0m[37m                           [0m
[2;36m                   [0m[2;36m [0m[34mINFO    [0m [37m|[0m[37msystem([0m[37m                                           [0m
[2;36m                   [0m[2;36m [0m[34mINFO    [0m [37m|[0m[37m       r0: <BV32 stack_base - 0x48> -> [0m[32m"killall -1[0m
[2;36m                    [0m         [32mdnsmasq"[0m[37m,[0m[37m                                          [0m
[2;36m                   [0m[2;36m [0m[34mINFO    [0m [37m|[0m[37m       ) @ 0xfd84 -> [0m[33m<BV32 0x0>[0m[37m                   [0m
[2;36m                   [0m[2;36m [0m[34mINFO    [0m [37mFound 0 unresolved vulnerable definitions.         [0m
[2;36m                   [0m[2;36m [0m[34mINFO    [0m [37mExclude function 0xfd60 from future slices since   [0m
[2;36m                    [0m         [37mthe data dependencies are fully resolved.          [0m
[2;36m                   [0m[2;36m [0m[34mINFO    [0m [37mAnalyzed 0/2 for sink system                       [0m
[2;36m                   [0m[2;36m [0m[34mINFO    [0m [37mRunning RDA Taint on function sub_fd94@0xfd94...   [0m
[2;36m                   [0m[2;36m [0m[34mINFO    [0m [37mRunning RDA Taint on function sub_fe60@0xfe60...   [0m
[2;36m[04/19/26 13:29:29][0m[2;36m [0m[34mINFO    [0m [37mRunning RDA on function sub_fe60@0xfe60...         [0m
[2;36m[04/19/26 13:29:57][0m[2;36m [0m[34mINFO    [0m [37mLLM forced reanalysis for                          [0m
[2;36m                    [0m         [37msub_12c6c(<MultiValues(<BV32 0x1bdb4>)>,           [0m
[2;36m                    [0m         [37m<MultiValues(<BV32 0x1c440>)>, <MultiValues(<BV32  [0m
[2;36m                    [0m         [37m0x0>)>) @ 0x100d8                                  [0m
[2;36m[04/19/26 13:30:21][0m[2;36m [0m[34mINFO    [0m [37mLLM forced reanalysis for                          [0m
[2;36m                    [0m         [37msub_fc24(<MultiValues(<BV32 0x7da08>)>) @ 0xfe18   [0m
[2;36m[04/19/26 13:30:39][0m[2;36m [0m[34mINFO    [0m [37mFound 1 potential sinks.                           [0m
[2;36m                   [0m[2;36m [0m[34mINFO    [0m [37mFound 1 unresolved vulnerable definitions.         [0m
[2;36m                   [0m[2;36m [0m[1;7;31mCRITICAL[0m [1;31m**************************************************[0m[1;31m [0m
[2;36m                   [0m[2;36m [0m[1;7;31mCRITICAL[0m [1;31mUNRESOLVED CLOSURES to system: [0m[1;31m                    [0m
[2;36m                   [0m[2;36m [0m[1;7;31mCRITICAL[0m [1;31m--------------------------------------------------[0m[1;31m [0m
[2;36m                   [0m[2;36m [0m[1;7;31mCRITICAL[0m [1;31mTRACE: sub_fe60->sub_fd94->system                  [0m
[2;36m                   [0m[2;36m [0m[1;7;31mCRITICAL[0m [1;31m^^^^^^^^^^^^^^^^^^^^^^^^^^^^^^^^^^^^^^^^^^^^^^^^^^ [0m
[2;36m                   [0m[2;36m [0m[1;7;31mCRITICAL[0m [1;37m|[0m[1;32m|[0m[1;31msystem([0m[1;31m                                          [0m
[2;36m                   [0m[2;36m [0m[1;7;31mCRITICAL[0m [1;37m|[0m[1;32m|[0m[1;31m       r0: <MultiValues({0: {<BV32 0x726f7574>, [0m[1;31m [0m
[2;36m                    [0m         [1;31m<BV16 0x0>}, 4: {<BV32 0x65206164>}, 8: {<BV32 [0m[1;31m    [0m
[2;36m                    [0m         [1;31m0x64206465>}, 12: {<BV32 0x6661756c>}, 16: {<BV16 [0m[1;31m [0m
[2;36m                    [0m         [1;31m0x7420>}, 18: {<BV16 0x6777>}, 20: {<BV32 32 .. [0m[1;31m   [0m
[2;36m                    [0m         [1;31mTOP[31:8]>}, 24: {<BV8 TOP[7:0]>}})>,[0m[1;31m              [0m
[2;36m                   [0m[2;36m [0m[1;7;31mCRITICAL[0m [1;37m|[0m[1;32m|[0m[1;31m       ) @ 0xfdbc -> [0m[1;33m<BV32 0x0>[0m[1;31m                  [0m
[2;36m                   [0m[2;36m [0m[1;7;31mCRITICAL[0m [1;31m                                                   [0m
[2;36m                   [0m[2;36m [0m[1;7;31mCRITICAL[0m [1;31mBINARY: pppoecd                                    [0m
[2;36m                   [0m[2;36m [0m[1;7;31mCRITICAL[0m [1;31mINPUT SOURCES:                                     [0m
[2;36m                   [0m[2;36m [0m[1;7;31mCRITICAL[0m [1;34mUNKNOWN[0m[1;31m                                            [0m
[2;36m                   [0m[2;36m [0m[34mINFO    [0m [37mAnalyzed 1/2 for sink system                       [0m
[2;36m                   [0m[2;36m [0m[34mINFO    [0m [37mRunning RDA Taint on function sub_12ae4@0x12ae4... [0m
[2;36m                   [0m[2;36m [0m[34mINFO    [0m [37mRunning RDA Taint on function sub_f0fc@0xf0fc...   [0m
[2;36m[04/19/26 13:31:09][0m[2;36m [0m[34mINFO    [0m [37mRunning RDA Taint on function sub_fe60@0xfe60...   [0m
[2;36m                   [0m[2;36m [0m[34mINFO    [0m [37mRunning RDA on function sub_f0fc@0xf0fc...         [0m
[2;36m[04/19/26 13:31:47][0m[2;36m [0m[34mINFO    [0m [37mFound 1 potential sinks.                           [0m
[2;36m                   [0m[2;36m [0m[34mINFO    [0m [34mResolved call to execve:[0m[37m                           [0m
[2;36m                   [0m[2;36m [0m[34mINFO    [0m [37m|[0m[32m|[0m[37mexecve([0m[37m                                          [0m
[2;36m                   [0m[2;36m [0m[34mINFO    [0m [37m|[0m[32m|[0m[37m       r0: <BV32 0x1bd08> -> [0m[32m"/tmp/ppp/ip-up"[0m[37m,[0m[37m   [0m
[2;36m                   [0m[2;36m [0m[34mINFO    [0m [37m|[0m[32m|[0m[37m       r1: <BV32 stack_base - 0x98> -> [0m[32m<BV32 [0m[37m    [0m
[2;36m                    [0m         [32m0x8bd0100>[0m[37m,[0m[37m                                        [0m
[2;36m                   [0m[2;36m [0m[34mINFO    [0m [37m|[0m[32m|[0m[37m       r2: <BV32 TOP>,[0m[37m                           [0m
[2;36m                   [0m[2;36m [0m[34mINFO    [0m [37m|[0m[32m|[0m[37m       ) @ 0x12c20[0m[37m                               [0m
[2;36m                   [0m[2;36m [0m[34mINFO    [0m [37mFound 0 unresolved vulnerable definitions.         [0m
[2;36m                   [0m[2;36m [0m[34mINFO    [0m [37mExclude function 0xf0fc from future slices since   [0m
[2;36m                    [0m         [37mthe data dependencies are fully resolved.          [0m
[2;36m                   [0m[2;36m [0m[34mINFO    [0m [37mAnalyzed 0/4 for sink execve                       [0m
[2;36m                   [0m[2;36m [0m[34mINFO    [0m [37mRunning RDA Taint on function sub_f1e4@0xf1e4...   [0m
[2;36m[04/19/26 13:31:48][0m[2;36m [0m[34mINFO    [0m [37mRunning RDA on function sub_f0fc@0xf0fc...         [0m
[2;36m[04/19/26 13:32:18][0m[2;36m [0m[34mINFO    [0m [37mFound 1 potential sinks.                           [0m
[2;36m                   [0m[2;36m [0m[34mINFO    [0m [34mResolved call to execve:[0m[37m                           [0m
[2;36m                   [0m[2;36m [0m[34mINFO    [0m [37m|[0m[32m|[0m[37mexecve([0m[37m                                          [0m
[2;36m                   [0m[2;36m [0m[34mINFO    [0m [37m|[0m[32m|[0m[37m       r0: <BV32 0x1bcf4> -> [0m[32m"/tmp/ppp/ip-down"[0m[37m,[0m[37m [0m
[2;36m                   [0m[2;36m [0m[34mINFO    [0m [37m|[0m[32m|[0m[37m       r1: <BV32 stack_base - 0x98> -> [0m[32m<BV32 [0m[37m    [0m
[2;36m                    [0m         [32m0xf4bc0100>[0m[37m,[0m[37m                                       [0m
[2;36m                   [0m[2;36m [0m[34mINFO    [0m [37m|[0m[32m|[0m[37m       r2: <BV32 TOP>,[0m[37m                           [0m
[2;36m                   [0m[2;36m [0m[34mINFO    [0m [37m|[0m[32m|[0m[37m       ) @ 0x12c20[0m[37m                               [0m
[2;36m                   [0m[2;36m [0m[34mINFO    [0m [37mFound 0 unresolved vulnerable definitions.         [0m
[2;36m                   [0m[2;36m [0m[34mINFO    [0m [37mExclude function 0xf0fc from future slices since   [0m
[2;36m                    [0m         [37mthe data dependencies are fully resolved.          [0m
[2;36m                   [0m[2;36m [0m[34mINFO    [0m [37mAnalyzed 1/4 for sink execve                       [0m
[2;36m                   [0m[2;36m [0m[34mINFO    [0m [37mRunning RDA Taint on function sub_f340@0xf340...   [0m
[2;36m                   [0m[2;36m [0m[34mINFO    [0m [37mRunning RDA on function sub_f0fc@0xf0fc...         [0m
[2;36m[04/19/26 13:32:52][0m[2;36m [0m[34mINFO    [0m [37mFound 1 potential sinks.                           [0m
[2;36m                   [0m[2;36m [0m[34mINFO    [0m [34mResolved call to execve:[0m[37m                           [0m
[2;36m                   [0m[2;36m [0m[34mINFO    [0m [37m|[0m[32m|[0m[37mexecve([0m[37m                                          [0m
[2;36m                   [0m[2;36m [0m[34mINFO    [0m [37m|[0m[32m|[0m[37m       r0: <BV32 0x1bcf4> -> [0m[32m"/tmp/ppp/ip-down"[0m[37m,[0m[37m [0m
[2;36m                   [0m[2;36m [0m[34mINFO    [0m [37m|[0m[32m|[0m[37m       r1: <BV32 stack_base - 0x98> -> [0m[32m<BV32 [0m[37m    [0m
[2;36m                    [0m         [32m0xf4bc0100>[0m[37m,[0m[37m                                       [0m
[2;36m                   [0m[2;36m [0m[34mINFO    [0m [37m|[0m[32m|[0m[37m       r2: <BV32 TOP>,[0m[37m                           [0m
[2;36m                   [0m[2;36m [0m[34mINFO    [0m [37m|[0m[32m|[0m[37m       ) @ 0x12c20[0m[37m                               [0m
[2;36m                   [0m[2;36m [0m[34mINFO    [0m [37mFound 0 unresolved vulnerable definitions.         [0m
[2;36m                   [0m[2;36m [0m[34mINFO    [0m [37mExclude function 0xf0fc from future slices since   [0m
[2;36m                    [0m         [37mthe data dependencies are fully resolved.          [0m
[2;36m                   [0m[2;36m [0m[34mINFO    [0m [37mAnalyzed 2/4 for sink execve                       [0m
[2;36m                   [0m[2;36m [0m[34mINFO    [0m [37mRunning RDA Taint on function sub_f2fc@0xf2fc...   [0m
[2;36m                   [0m[2;36m [0m[34mINFO    [0m [37mRunning RDA on function sub_f0fc@0xf0fc...         [0m
[2;36m[04/19/26 13:33:26][0m[2;36m [0m[34mINFO    [0m [37mFound 1 potential sinks.                           [0m
[2;36m                   [0m[2;36m [0m[34mINFO    [0m [34mResolved call to execve:[0m[37m                           [0m
[2;36m                   [0m[2;36m [0m[34mINFO    [0m [37m|[0m[32m|[0m[37mexecve([0m[37m                                          [0m
[2;36m                   [0m[2;36m [0m[34mINFO    [0m [37m|[0m[32m|[0m[37m       r0: <BV32 0x1bd08> -> [0m[32m"/tmp/ppp/ip-up"[0m[37m,[0m[37m   [0m
[2;36m                   [0m[2;36m [0m[34mINFO    [0m [37m|[0m[32m|[0m[37m       r1: <BV32 stack_base - 0x98> -> [0m[32m<BV32 [0m[37m    [0m
[2;36m                    [0m         [32m0x8bd0100>[0m[37m,[0m[37m                                        [0m
[2;36m                   [0m[2;36m [0m[34mINFO    [0m [37m|[0m[32m|[0m[37m       r2: <BV32 TOP>,[0m[37m                           [0m
[2;36m                   [0m[2;36m [0m[34mINFO    [0m [37m|[0m[32m|[0m[37m       ) @ 0x12c20[0m[37m                               [0m
[2;36m                   [0m[2;36m [0m[34mINFO    [0m [37mFound 0 unresolved vulnerable definitions.         [0m
[2;36m                   [0m[2;36m [0m[34mINFO    [0m [37mExclude function 0xf0fc from future slices since   [0m
[2;36m                    [0m         [37mthe data dependencies are fully resolved.          [0m
[2;36m                   [0m[2;36m [0m[34mINFO    [0m [37mAnalyzed 3/4 for sink execve                       [0m
[2;36m                   [0m[2;36m [0m[1;7;31mCRITICAL[0m [1;31m**************************************************[0m[1;31m [0m
[2;36m                   [0m[2;36m [0m[1;7;31mCRITICAL[0m [1;31mUNRESOLVED CLOSURES to system: [0m[1;31m                    [0m
[2;36m                   [0m[2;36m [0m[1;7;31mCRITICAL[0m [1;31m--------------------------------------------------[0m[1;31m [0m
[2;36m                   [0m[2;36m [0m[1;7;31mCRITICAL[0m [1;31mTRACE: sub_fe60->sub_fd94->system                  [0m
[2;36m                   [0m[2;36m [0m[1;7;31mCRITICAL[0m [1;31m^^^^^^^^^^^^^^^^^^^^^^^^^^^^^^^^^^^^^^^^^^^^^^^^^^ [0m
[2;36m                   [0m[2;36m [0m[1;7;31mCRITICAL[0m [1;37m|[0m[1;32m|[0m[1;31msystem([0m[1;31m                                          [0m
[2;36m                   [0m[2;36m [0m[1;7;31mCRITICAL[0m [1;37m|[0m[1;32m|[0m[1;31m       r0: <MultiValues({0: {<BV32 0x726f7574>, [0m[1;31m [0m
[2;36m                    [0m         [1;31m<BV16 0x0>}, 4: {<BV32 0x65206164>}, 8: {<BV32 [0m[1;31m    [0m
[2;36m                    [0m         [1;31m0x64206465>}, 12: {<BV32 0x6661756c>}, 16: {<BV16 [0m[1;31m [0m
[2;36m                    [0m         [1;31m0x7420>}, 18: {<BV16 0x6777>}, 20: {<BV32 32 .. [0m[1;31m   [0m
[2;36m                    [0m         [1;31mTOP[31:8]>}, 24: {<BV8 TOP[7:0]>}})>,[0m[1;31m              [0m
[2;36m                   [0m[2;36m [0m[1;7;31mCRITICAL[0m [1;37m|[0m[1;32m|[0m[1;31m       ) @ 0xfdbc -> [0m[1;33m<BV32 0x0>[0m[1;31m                  [0m
[2;36m                   [0m[2;36m [0m[1;7;31mCRITICAL[0m [1;31m                                                   [0m
[2;36m                   [0m[2;36m [0m[1;7;31mCRITICAL[0m [1;31mBINARY: pppoecd                                    [0m
[2;36m                   [0m[2;36m [0m[1;7;31mCRITICAL[0m [1;31mINPUT SOURCES:                                     [0m
[2;36m                   [0m[2;36m [0m[1;7;31mCRITICAL[0m [1;34mUNKNOWN[0m[1;31m                                            [0m
[2;36m                   [0m[2;36m [0m[34mINFO    [0m [37mFinished Running Analysis                          [0m
