[2;36m[04/16/26 13:36:11][0m[2;36m [0m[1;7;31mCRITICAL[0m [1;31mTARGETING SINKS: doSystemCmd                       [0m
[2;36m[04/16/26 13:36:12][0m[2;36m [0m[34mINFO    [0m [37mRunning RDA Taint on function sub_88b8@0x88b8...   [0m
[2;36m                   [0m[2;36m [0m[34mINFO    [0m [37mRunning RDA on function sub_88b8@0x88b8...         [0m
[2;36m[04/16/26 13:36:18][0m[2;36m [0m[34mINFO    [0m [37mFound 7 potential sinks.                           [0m
[2;36m                   [0m[2;36m [0m[34mINFO    [0m [34mResolved call to doSystemCmd:[0m[37m                      [0m
[2;36m                   [0m[2;36m [0m[34mINFO    [0m [37m|[0m[37mdoSystemCmd([0m[37m                                      [0m
[2;36m                   [0m[2;36m [0m[34mINFO    [0m [37m|[0m[37m            r0: "rm /var/upgrading"[0m[37m,[0m[37m              [0m
[2;36m                   [0m[2;36m [0m[34mINFO    [0m [37m|[0m[37m            ) @ 0x8904 -> [0m[33m<BV32 0x0>[0m[37m              [0m
[2;36m                   [0m[2;36m [0m[34mINFO    [0m [34mResolved call to doSystemCmd:[0m[37m                      [0m
[2;36m                   [0m[2;36m [0m[34mINFO    [0m [37m|[0m[37mdoSystemCmd([0m[37m                                      [0m
[2;36m                   [0m[2;36m [0m[34mINFO    [0m [37m|[0m[37m            r0: "/bin/alistop.sh"[0m[37m,[0m[37m                [0m
[2;36m                   [0m[2;36m [0m[34mINFO    [0m [37m|[0m[37m            ) @ 0x893c -> [0m[33m<BV32 0x0>[0m[37m              [0m
[2;36m                   [0m[2;36m [0m[34mINFO    [0m [34mResolved call to doSystemCmd:[0m[37m                      [0m
[2;36m                   [0m[2;36m [0m[34mINFO    [0m [37m|[0m[37mdoSystemCmd([0m[37m                                      [0m
[2;36m                   [0m[2;36m [0m[34mINFO    [0m [37m|[0m[37m            r0: "rm /var/image"[0m[37m,[0m[37m                  [0m
[2;36m                   [0m[2;36m [0m[34mINFO    [0m [37m|[0m[37m            ) @ 0x8914 -> [0m[33m<BV32 0x0>[0m[37m              [0m
[2;36m                   [0m[2;36m [0m[34mINFO    [0m [34mResolved call to doSystemCmd:[0m[37m                      [0m
[2;36m                   [0m[2;36m [0m[34mINFO    [0m [37m|[0m[37mdoSystemCmd([0m[37m                                      [0m
[2;36m                   [0m[2;36m [0m[34mINFO    [0m [37m|[0m[37m            r0: "echo 1 >/var/system_update"[0m[37m,[0m[37m     [0m
[2;36m                   [0m[2;36m [0m[34mINFO    [0m [37m|[0m[37m            ) @ 0x894c -> [0m[33m<BV32 0x0>[0m[37m              [0m
[2;36m                   [0m[2;36m [0m[34mINFO    [0m [34mResolved call to doSystemCmd:[0m[37m                      [0m
[2;36m                   [0m[2;36m [0m[34mINFO    [0m [37m|[0m[37mdoSystemCmd([0m[37m                                      [0m
[2;36m                   [0m[2;36m [0m[34mINFO    [0m [37m|[0m[37m            r0: "ps"[0m[37m,[0m[37m                             [0m
[2;36m                   [0m[2;36m [0m[34mINFO    [0m [37m|[0m[37m            ) @ 0x898c -> [0m[33m<BV32 0x0>[0m[37m              [0m
[2;36m                   [0m[2;36m [0m[34mINFO    [0m [34mResolved call to doSystemCmd:[0m[37m                      [0m
[2;36m                   [0m[2;36m [0m[34mINFO    [0m [37m|[0m[37mdoSystemCmd([0m[37m                                      [0m
[2;36m                   [0m[2;36m [0m[34mINFO    [0m [37m|[0m[37m            r0: "ps"[0m[37m,[0m[37m                             [0m
[2;36m                   [0m[2;36m [0m[34mINFO    [0m [37m|[0m[37m            ) @ 0x89c4 -> [0m[33m<BV32 0x0>[0m[37m              [0m
[2;36m                   [0m[2;36m [0m[34mINFO    [0m [34mResolved call to doSystemCmd:[0m[37m                      [0m
[2;36m                   [0m[2;36m [0m[34mINFO    [0m [37m|[0m[37mdoSystemCmd([0m[37m                                      [0m
[2;36m                   [0m[2;36m [0m[34mINFO    [0m [37m|[0m[37m            r0: "mount"[0m[37m,[0m[37m                          [0m
[2;36m                   [0m[2;36m [0m[34mINFO    [0m [37m|[0m[37m            ) @ 0x89fc -> [0m[33m<BV32 0x0>[0m[37m              [0m
[2;36m                   [0m[2;36m [0m[34mINFO    [0m [37mFound 0 unresolved vulnerable definitions.         [0m
[2;36m                   [0m[2;36m [0m[34mINFO    [0m [37mExclude function 0x88b8 from future slices since   [0m
[2;36m                    [0m         [37mthe data dependencies are fully resolved.          [0m
[2;36m                   [0m[2;36m [0m[34mINFO    [0m [37mAnalyzed 0/3 for sink doSystemCmd                  [0m
[2;36m                   [0m[2;36m [0m[34mINFO    [0m [37mRunning RDA Taint on function sub_877c@0x877c...   [0m
[2;36m                   [0m[2;36m [0m[34mINFO    [0m [37mRunning RDA on function sub_877c@0x877c...         [0m
[2;36m[04/16/26 13:36:22][0m[2;36m [0m[34mINFO    [0m [37mFound 7 potential sinks.                           [0m
[2;36m                   [0m[2;36m [0m[34mINFO    [0m [34mResolved call to doSystemCmd:[0m[37m                      [0m
[2;36m                   [0m[2;36m [0m[34mINFO    [0m [37m|[0m[37mdoSystemCmd([0m[37m                                      [0m
[2;36m                   [0m[2;36m [0m[34mINFO    [0m [37m|[0m[37m            r0: "rm /var/image"[0m[37m,[0m[37m                  [0m
[2;36m                   [0m[2;36m [0m[34mINFO    [0m [37m|[0m[37m            ) @ 0x87b4 -> [0m[33m<BV32 0x0>[0m[37m              [0m
[2;36m                   [0m[2;36m [0m[34mINFO    [0m [34mResolved call to doSystemCmd:[0m[37m                      [0m
[2;36m                   [0m[2;36m [0m[34mINFO    [0m [37m|[0m[37mdoSystemCmd([0m[37m                                      [0m
[2;36m                   [0m[2;36m [0m[34mINFO    [0m [37m|[0m[37m            r0: "mount"[0m[37m,[0m[37m                          [0m
[2;36m                   [0m[2;36m [0m[34mINFO    [0m [37m|[0m[37m            ) @ 0x87cc -> [0m[33m<BV32 0x0>[0m[37m              [0m
[2;36m                   [0m[2;36m [0m[34mINFO    [0m [34mResolved call to doSystemCmd:[0m[37m                      [0m
[2;36m                   [0m[2;36m [0m[34mINFO    [0m [37m|[0m[37mdoSystemCmd([0m[37m                                      [0m
[2;36m                   [0m[2;36m [0m[34mINFO    [0m [37m|[0m[37m            r0: "mount"[0m[37m,[0m[37m                          [0m
[2;36m[04/16/26 13:36:23][0m[2;36m [0m[34mINFO    [0m [37m|[0m[37m            ) @ 0x881c -> [0m[33m<BV32 0x0>[0m[37m              [0m
[2;36m                   [0m[2;36m [0m[34mINFO    [0m [34mResolved call to doSystemCmd:[0m[37m                      [0m
[2;36m                   [0m[2;36m [0m[34mINFO    [0m [37m|[0m[37mdoSystemCmd([0m[37m                                      [0m
[2;36m                   [0m[2;36m [0m[34mINFO    [0m [37m|[0m[37m            r0: "mount -t jffs2  /dev/mtdblock7 [0m[37m  [0m
[2;36m                    [0m         [37m/alibaba -o remount,ro "[0m[37m,[0m[37m                          [0m
[2;36m                   [0m[2;36m [0m[34mINFO    [0m [37m|[0m[37m            ) @ 0x8838 -> [0m[33m<BV32 0x0>[0m[37m              [0m
[2;36m                   [0m[2;36m [0m[34mINFO    [0m [34mResolved call to doSystemCmd:[0m[37m                      [0m
[2;36m                   [0m[2;36m [0m[34mINFO    [0m [37m|[0m[37mdoSystemCmd([0m[37m                                      [0m
[2;36m                   [0m[2;36m [0m[34mINFO    [0m [37m|[0m[37m            r0: "echo 2 >/var/system_update"[0m[37m,[0m[37m     [0m
[2;36m                   [0m[2;36m [0m[34mINFO    [0m [37m|[0m[37m            ) @ 0x8848 -> [0m[33m<BV32 0x0>[0m[37m              [0m
[2;36m                   [0m[2;36m [0m[34mINFO    [0m [34mResolved call to doSystemCmd:[0m[37m                      [0m
[2;36m                   [0m[2;36m [0m[34mINFO    [0m [37m|[0m[37mdoSystemCmd([0m[37m                                      [0m
[2;36m                   [0m[2;36m [0m[34mINFO    [0m [37m|[0m[37m            r0: "/bin/alibootup.sh"[0m[37m,[0m[37m              [0m
[2;36m                   [0m[2;36m [0m[34mINFO    [0m [37m|[0m[37m            ) @ 0x8858 -> [0m[33m<BV32 0x0>[0m[37m              [0m
[2;36m                   [0m[2;36m [0m[34mINFO    [0m [34mResolved call to doSystemCmd:[0m[37m                      [0m
[2;36m                   [0m[2;36m [0m[34mINFO    [0m [37m|[0m[37mdoSystemCmd([0m[37m                                      [0m
[2;36m                   [0m[2;36m [0m[34mINFO    [0m [37m|[0m[37m            r0: "cfm post multiWAN CfgChange1"[0m[37m,[0m[37m   [0m
[2;36m                   [0m[2;36m [0m[34mINFO    [0m [37m|[0m[37m            ) @ 0x8868 -> [0m[33m<BV32 0x0>[0m[37m              [0m
[2;36m                   [0m[2;36m [0m[34mINFO    [0m [37mFound 0 unresolved vulnerable definitions.         [0m
[2;36m                   [0m[2;36m [0m[34mINFO    [0m [37mExclude function 0x877c from future slices since   [0m
[2;36m                    [0m         [37mthe data dependencies are fully resolved.          [0m
[2;36m                   [0m[2;36m [0m[34mINFO    [0m [37mAnalyzed 1/3 for sink doSystemCmd                  [0m
[2;36m                   [0m[2;36m [0m[34mINFO    [0m [37mRunning RDA Taint on function sub_86f0@0x86f0...   [0m
[2;36m                   [0m[2;36m [0m[34mINFO    [0m [37mRunning RDA on function sub_86f0@0x86f0...         [0m
[2;36m                   [0m[2;36m [0m[34mINFO    [0m [37mFound 2 potential sinks.                           [0m
[2;36m                   [0m[2;36m [0m[34mINFO    [0m [34mResolved call to doSystemCmd:[0m[37m                      [0m
[2;36m                   [0m[2;36m [0m[34mINFO    [0m [37m|[0m[37mdoSystemCmd([0m[37m                                      [0m
[2;36m                   [0m[2;36m [0m[34mINFO    [0m [37m|[0m[37m            r0: "killall -9 httpd"[0m[37m,[0m[37m               [0m
[2;36m                   [0m[2;36m [0m[34mINFO    [0m [37m|[0m[37m            ) @ 0x870c -> [0m[33m<BV32 0x0>[0m[37m              [0m
[2;36m                   [0m[2;36m [0m[34mINFO    [0m [34mResolved call to doSystemCmd:[0m[37m                      [0m
[2;36m                   [0m[2;36m [0m[34mINFO    [0m [37m|[0m[37mdoSystemCmd([0m[37m                                      [0m
[2;36m                   [0m[2;36m [0m[34mINFO    [0m [37m|[0m[37m            r0: "killall -9 dnrd"[0m[37m,[0m[37m                [0m
[2;36m                   [0m[2;36m [0m[34mINFO    [0m [37m|[0m[37m            ) @ 0x871c -> [0m[33m<BV32 0x0>[0m[37m              [0m
[2;36m                   [0m[2;36m [0m[34mINFO    [0m [37mFound 0 unresolved vulnerable definitions.         [0m
[2;36m                   [0m[2;36m [0m[34mINFO    [0m [37mExclude function 0x86f0 from future slices since   [0m
[2;36m                    [0m         [37mthe data dependencies are fully resolved.          [0m
[2;36m                   [0m[2;36m [0m[34mINFO    [0m [37mAnalyzed 2/3 for sink doSystemCmd                  [0m
[2;36m                   [0m[2;36m [0m[34mINFO    [0m [37mFinished Running Analysis                          [0m
