[2;36m[04/19/26 18:02:10][0m[2;36m [0m[1;7;31mCRITICAL[0m [1;31mTARGETING SINKS: system, doSystemCmd               [0m
[2;36m[04/19/26 18:02:12][0m[2;36m [0m[34mINFO    [0m [37mRunning RDA Taint on function sub_9d90@0x9d90...   [0m
[2;36m[04/19/26 18:02:16][0m[2;36m [0m[34mINFO    [0m [37mRunning RDA Taint on function main@0xb27c...       [0m
[2;36m                   [0m[2;36m [0m[34mINFO    [0m [37mRunning RDA on function main@0xb27c...             [0m
[2;36m[04/19/26 18:02:22][0m[2;36m [0m[34mINFO    [0m [37mLLM forced reanalysis for                          [0m
[2;36m                    [0m         [37msub_a84c(<MultiValues(<BV32 stack_base +           [0m
[2;36m                    [0m         [37m0xdeadc10a>)>) @ 0x97b0                            [0m
[2;36m[04/19/26 18:02:24][0m[2;36m [0m[34mINFO    [0m [37mLLM forced reanalysis for                          [0m
[2;36m                    [0m         [37msub_b2f4(<MultiValues(<BV32 stack_base +           [0m
[2;36m                    [0m         [37m0xdeadc10a>)>) @ 0xa858                            [0m
[2;36m[04/19/26 18:02:27][0m[2;36m [0m[34mINFO    [0m [37mLLM forced reanalysis for                          [0m
[2;36m                    [0m         [37msub_a9c8(<MultiValues(<BV32 stack_base +           [0m
[2;36m                    [0m         [37m0xdeadc10a>)>) @ 0xb300                            [0m
[2;36m[04/19/26 18:02:35][0m[2;36m [0m[34mINFO    [0m [37mLLM forced reanalysis for                          [0m
[2;36m                    [0m         [37msub_9698(<MultiValues(<BV32 0x0>)>) @ 0xc168       [0m
[2;36m[04/19/26 18:02:49][0m[2;36m [0m[34mINFO    [0m [37mFound 2 potential sinks.                           [0m
[2;36m                   [0m[2;36m [0m[34mINFO    [0m [37mFound 2 unresolved vulnerable definitions.         [0m
[2;36m                   [0m[2;36m [0m[1;7;31mCRITICAL[0m [1;31m**************************************************[0m[1;31m [0m
[2;36m                   [0m[2;36m [0m[1;7;31mCRITICAL[0m [1;31mUNRESOLVED CLOSURES to system: [0m[1;31m                    [0m
[2;36m                   [0m[2;36m [0m[1;7;31mCRITICAL[0m [1;31m--------------------------------------------------[0m[1;31m [0m
[2;36m                   [0m[2;36m [0m[1;7;31mCRITICAL[0m [1;37m|[0m[1;32m|[0m[1;31msystem([0m[1;31m                                          [0m
[2;36m                   [0m[2;36m [0m[1;7;31mCRITICAL[0m [1;37m|[0m[1;32m|[0m[1;31m       r0: <BV32 stack_base - 0x8c> -> [0m[1;34m"echo 0 > [0m
[2;36m                    [0m         [1;34m/etc/ddns_<BV32 TOP>"[0m[1;31m,[0m[1;31m                             [0m
[2;36m                   [0m[2;36m [0m[1;7;31mCRITICAL[0m [1;37m|[0m[1;32m|[0m[1;31m       ) @ 0xa2e4 -> [0m[1;33m<BV32 0x0>[0m[1;31m                  [0m
[2;36m                   [0m[2;36m [0m[1;7;31mCRITICAL[0m [1;31m                                                   [0m
[2;36m                   [0m[2;36m [0m[1;7;31mCRITICAL[0m [1;31mBINARY: inadyn                                     [0m
[2;36m                   [0m[2;36m [0m[1;7;31mCRITICAL[0m [1;31mINPUT SOURCES:                                     [0m
[2;36m                   [0m[2;36m [0m[1;7;31mCRITICAL[0m [1;34mUNKNOWN[0m[1;31m                                            [0m
[2;36m                   [0m[2;36m [0m[1;7;31mCRITICAL[0m [1;31m**************************************************[0m[1;31m [0m
[2;36m                   [0m[2;36m [0m[1;7;31mCRITICAL[0m [1;31mUNRESOLVED CLOSURES to system: [0m[1;31m                    [0m
[2;36m                   [0m[2;36m [0m[1;7;31mCRITICAL[0m [1;31m--------------------------------------------------[0m[1;31m [0m
[2;36m                   [0m[2;36m [0m[1;7;31mCRITICAL[0m [1;37m|[0m[1;32m|[0m[1;31msystem([0m[1;31m                                          [0m
[2;36m                   [0m[2;36m [0m[1;7;31mCRITICAL[0m [1;37m|[0m[1;32m|[0m[1;31m       r0: <BV32 stack_base - 0x8c> -> [0m[1;34m"echo 1 > [0m
[2;36m                    [0m         [1;34m/etc/ddns_<BV32 TOP>"[0m[1;31m,[0m[1;31m                             [0m
[2;36m                   [0m[2;36m [0m[1;7;31mCRITICAL[0m [1;37m|[0m[1;32m|[0m[1;31m       ) @ 0xa284 -> [0m[1;33m<BV32 0x0>[0m[1;31m                  [0m
[2;36m                   [0m[2;36m [0m[1;7;31mCRITICAL[0m [1;31m                                                   [0m
[2;36m                   [0m[2;36m [0m[1;7;31mCRITICAL[0m [1;31mBINARY: inadyn                                     [0m
[2;36m                   [0m[2;36m [0m[1;7;31mCRITICAL[0m [1;31mINPUT SOURCES:                                     [0m
[2;36m                   [0m[2;36m [0m[1;7;31mCRITICAL[0m [1;34mUNKNOWN[0m[1;31m                                            [0m
[2;36m                   [0m[2;36m [0m[34mINFO    [0m [37mAnalyzed 0/1 for sink system                       [0m
[2;36m                   [0m[2;36m [0m[34mINFO    [0m [37mRunning RDA Taint on function sub_9d90@0x9d90...   [0m
[2;36m[04/19/26 18:02:52][0m[2;36m [0m[34mINFO    [0m [37mRunning RDA Taint on function main@0xb27c...       [0m
[2;36m                   [0m[2;36m [0m[34mINFO    [0m [37mRunning RDA on function main@0xb27c...             [0m
[2;36m                   [0m[2;36m [0m[34mINFO    [0m [37mLLM forced reanalysis for                          [0m
[2;36m                    [0m         [37msub_a84c(<MultiValues(<BV32 stack_base +           [0m
[2;36m                    [0m         [37m0xdeadc10a>)>) @ 0x97b0                            [0m
[2;36m                   [0m[2;36m [0m[34mINFO    [0m [37mLLM forced reanalysis for                          [0m
[2;36m                    [0m         [37msub_b2f4(<MultiValues(<BV32 stack_base +           [0m
[2;36m                    [0m         [37m0xdeadc10a>)>) @ 0xa858                            [0m
[2;36m                   [0m[2;36m [0m[34mINFO    [0m [37mLLM forced reanalysis for                          [0m
[2;36m                    [0m         [37msub_a9c8(<MultiValues(<BV32 stack_base +           [0m
[2;36m                    [0m         [37m0xdeadc10a>)>) @ 0xb300                            [0m
[2;36m                   [0m[2;36m [0m[34mINFO    [0m [37mLLM forced reanalysis for                          [0m
[2;36m                    [0m         [37msub_9698(<MultiValues(<BV32 0x0>)>) @ 0xc168       [0m
[2;36m[04/19/26 18:03:18][0m[2;36m [0m[34mINFO    [0m [37mFound 1 potential sinks.                           [0m
[2;36m                   [0m[2;36m [0m[34mINFO    [0m [34mResolved call to doSystemCmd:[0m[37m                      [0m
[2;36m                   [0m[2;36m [0m[34mINFO    [0m [37m|[0m[32m|[0m[37mdoSystemCmd([0m[37m                                     [0m
[2;36m                   [0m[2;36m [0m[34mINFO    [0m [37m|[0m[32m|[0m[37m            r0: "echo '1337' > /etc/ddnspid1"[0m[37m | [0m[37m [0m
[2;36m                    [0m         [37m"echo '1337' > /etc/ddnspid2"[0m[37m | "echo '1337' > [0m[37m    [0m
[2;36m                    [0m         [37m/etc/ddnspid4"[0m[37m | "echo '1337' > /etc/ddnspid3"[0m[37m,[0m[37m    [0m
[2;36m                   [0m[2;36m [0m[34mINFO    [0m [37m|[0m[32m|[0m[37m            r1: <BV32 TOP>,[0m[37m                      [0m
[2;36m                   [0m[2;36m [0m[34mINFO    [0m [37m|[0m[32m|[0m[37m            r2: None -> [0m[32m<BV32 0x1>[0m[37m | None -> [0m[37m    [0m
[2;36m                    [0m         [32m<BV32 0x2>[0m[37m | None -> [0m[32m<BV32 0x4>[0m[37m | None -> [0m[32m<BV32 [0m[37m   [0m
[2;36m                    [0m         [32m0x3>[0m[37m,[0m[37m                                              [0m
[2;36m                   [0m[2;36m [0m[34mINFO    [0m [37m|[0m[32m|[0m[37m            ) @ 0xa02c -> [0m[33m<BV32 0x0>[0m[37m             [0m
[2;36m                   [0m[2;36m [0m[34mINFO    [0m [34mResolved call to doSystemCmd:[0m[37m                      [0m
[2;36m                   [0m[2;36m [0m[34mINFO    [0m [37m|[0m[32m|[0m[37mdoSystemCmd([0m[37m                                     [0m
[2;36m                   [0m[2;36m [0m[34mINFO    [0m [37m|[0m[32m|[0m[37m            r0: "echo '1337' > /etc/ddnspid1"[0m[37m | [0m[37m [0m
[2;36m                    [0m         [37m"echo '1337' > /etc/ddnspid2"[0m[37m | "echo '1337' > [0m[37m    [0m
[2;36m                    [0m         [37m/etc/ddnspid4"[0m[37m | "echo '1337' > /etc/ddnspid3"[0m[37m,[0m[37m    [0m
[2;36m                   [0m[2;36m [0m[34mINFO    [0m [37m|[0m[32m|[0m[37m            r1: <BV32 TOP>,[0m[37m                      [0m
[2;36m                   [0m[2;36m [0m[34mINFO    [0m [37m|[0m[32m|[0m[37m            r2: None -> [0m[32m<BV32 0x1>[0m[37m | None -> [0m[37m    [0m
[2;36m                    [0m         [32m<BV32 0x2>[0m[37m | None -> [0m[32m<BV32 0x4>[0m[37m | None -> [0m[32m<BV32 [0m[37m   [0m
[2;36m                    [0m         [32m0x3>[0m[37m,[0m[37m                                              [0m
[2;36m                   [0m[2;36m [0m[34mINFO    [0m [37m|[0m[32m|[0m[37m            ) @ 0xa02c -> [0m[33m<BV32 0x0>[0m[37m             [0m
[2;36m                   [0m[2;36m [0m[34mINFO    [0m [34mResolved call to doSystemCmd:[0m[37m                      [0m
[2;36m                   [0m[2;36m [0m[34mINFO    [0m [37m|[0m[32m|[0m[37mdoSystemCmd([0m[37m                                     [0m
[2;36m                   [0m[2;36m [0m[34mINFO    [0m [37m|[0m[32m|[0m[37m            r0: "echo '1337' > /etc/ddnspid1"[0m[37m | [0m[37m [0m
[2;36m                    [0m         [37m"echo '1337' > /etc/ddnspid2"[0m[37m | "echo '1337' > [0m[37m    [0m
[2;36m                    [0m         [37m/etc/ddnspid4"[0m[37m | "echo '1337' > /etc/ddnspid3"[0m[37m,[0m[37m    [0m
[2;36m                   [0m[2;36m [0m[34mINFO    [0m [37m|[0m[32m|[0m[37m            r1: <BV32 TOP>,[0m[37m                      [0m
[2;36m                   [0m[2;36m [0m[34mINFO    [0m [37m|[0m[32m|[0m[37m            r2: None -> [0m[32m<BV32 0x1>[0m[37m | None -> [0m[37m    [0m
[2;36m                    [0m         [32m<BV32 0x2>[0m[37m | None -> [0m[32m<BV32 0x4>[0m[37m | None -> [0m[32m<BV32 [0m[37m   [0m
[2;36m                    [0m         [32m0x3>[0m[37m,[0m[37m                                              [0m
[2;36m                   [0m[2;36m [0m[34mINFO    [0m [37m|[0m[32m|[0m[37m            ) @ 0xa02c -> [0m[33m<BV32 0x0>[0m[37m             [0m
[2;36m                   [0m[2;36m [0m[34mINFO    [0m [34mResolved call to doSystemCmd:[0m[37m                      [0m
[2;36m                   [0m[2;36m [0m[34mINFO    [0m [37m|[0m[32m|[0m[37mdoSystemCmd([0m[37m                                     [0m
[2;36m                   [0m[2;36m [0m[34mINFO    [0m [37m|[0m[32m|[0m[37m            r0: "echo '1337' > /etc/ddnspid1"[0m[37m | [0m[37m [0m
[2;36m                    [0m         [37m"echo '1337' > /etc/ddnspid2"[0m[37m | "echo '1337' > [0m[37m    [0m
[2;36m                    [0m         [37m/etc/ddnspid4"[0m[37m | "echo '1337' > /etc/ddnspid3"[0m[37m,[0m[37m    [0m
[2;36m                   [0m[2;36m [0m[34mINFO    [0m [37m|[0m[32m|[0m[37m            r1: <BV32 TOP>,[0m[37m                      [0m
[2;36m                   [0m[2;36m [0m[34mINFO    [0m [37m|[0m[32m|[0m[37m            r2: None -> [0m[32m<BV32 0x1>[0m[37m | None -> [0m[37m    [0m
[2;36m                    [0m         [32m<BV32 0x2>[0m[37m | None -> [0m[32m<BV32 0x4>[0m[37m | None -> [0m[32m<BV32 [0m[37m   [0m
[2;36m                    [0m         [32m0x3>[0m[37m,[0m[37m                                              [0m
[2;36m                   [0m[2;36m [0m[34mINFO    [0m [37m|[0m[32m|[0m[37m            ) @ 0xa02c -> [0m[33m<BV32 0x0>[0m[37m             [0m
[2;36m                   [0m[2;36m [0m[34mINFO    [0m [37mFound 0 unresolved vulnerable definitions.         [0m
[2;36m                   [0m[2;36m [0m[34mINFO    [0m [37mAnalyzed 0/1 for sink doSystemCmd                  [0m
[2;36m                   [0m[2;36m [0m[1;7;31mCRITICAL[0m [1;31m**************************************************[0m[1;31m [0m
[2;36m                   [0m[2;36m [0m[1;7;31mCRITICAL[0m [1;31mUNRESOLVED CLOSURES to system: [0m[1;31m                    [0m
[2;36m                   [0m[2;36m [0m[1;7;31mCRITICAL[0m [1;31m--------------------------------------------------[0m[1;31m [0m
[2;36m                   [0m[2;36m [0m[1;7;31mCRITICAL[0m [1;37m|[0m[1;32m|[0m[1;31msystem([0m[1;31m                                          [0m
[2;36m                   [0m[2;36m [0m[1;7;31mCRITICAL[0m [1;37m|[0m[1;32m|[0m[1;31m       r0: <BV32 stack_base - 0x8c> -> [0m[1;34m"echo 0 > [0m
[2;36m                    [0m         [1;34m/etc/ddns_<BV32 TOP>"[0m[1;31m,[0m[1;31m                             [0m
[2;36m                   [0m[2;36m [0m[1;7;31mCRITICAL[0m [1;37m|[0m[1;32m|[0m[1;31m       ) @ 0xa2e4 -> [0m[1;33m<BV32 0x0>[0m[1;31m                  [0m
[2;36m                   [0m[2;36m [0m[1;7;31mCRITICAL[0m [1;31m                                                   [0m
[2;36m                   [0m[2;36m [0m[1;7;31mCRITICAL[0m [1;31mBINARY: inadyn                                     [0m
[2;36m                   [0m[2;36m [0m[1;7;31mCRITICAL[0m [1;31mINPUT SOURCES:                                     [0m
[2;36m                   [0m[2;36m [0m[1;7;31mCRITICAL[0m [1;34mUNKNOWN[0m[1;31m                                            [0m
[2;36m                   [0m[2;36m [0m[1;7;31mCRITICAL[0m [1;31m--------------------------------------------------[0m[1;31m [0m
[2;36m                   [0m[2;36m [0m[1;7;31mCRITICAL[0m [1;37m|[0m[1;32m|[0m[1;31msystem([0m[1;31m                                          [0m
[2;36m                   [0m[2;36m [0m[1;7;31mCRITICAL[0m [1;37m|[0m[1;32m|[0m[1;31m       r0: <BV32 stack_base - 0x8c> -> [0m[1;34m"echo 1 > [0m
[2;36m                    [0m         [1;34m/etc/ddns_<BV32 TOP>"[0m[1;31m,[0m[1;31m                             [0m
[2;36m                   [0m[2;36m [0m[1;7;31mCRITICAL[0m [1;37m|[0m[1;32m|[0m[1;31m       ) @ 0xa284 -> [0m[1;33m<BV32 0x0>[0m[1;31m                  [0m
[2;36m                   [0m[2;36m [0m[1;7;31mCRITICAL[0m [1;31m                                                   [0m
[2;36m                   [0m[2;36m [0m[1;7;31mCRITICAL[0m [1;31mBINARY: inadyn                                     [0m
[2;36m                   [0m[2;36m [0m[1;7;31mCRITICAL[0m [1;31mINPUT SOURCES:                                     [0m
[2;36m                   [0m[2;36m [0m[1;7;31mCRITICAL[0m [1;34mUNKNOWN[0m[1;31m                                            [0m
[2;36m                   [0m[2;36m [0m[34mINFO    [0m [37mFinished Running Analysis                          [0m
