[2;36m[04/16/26 15:09:36][0m[2;36m [0m[1;7;31mCRITICAL[0m [1;31mTARGETING SINKS: execvp                            [0m
[2;36m[04/16/26 15:09:37][0m[2;36m [0m[34mINFO    [0m [37mRunning RDA Taint on function sub_9ea8@0x9ea8...   [0m
[2;36m                   [0m[2;36m [0m[34mINFO    [0m [37mRunning RDA Taint on function main@0x9f3c...       [0m
[2;36m[04/16/26 15:09:40][0m[2;36m [0m[34mINFO    [0m [37mRunning RDA on function main@0x9f3c...             [0m
[2;36m[04/16/26 15:10:11][0m[2;36m [0m[34mINFO    [0m [37mLLM forced reanalysis for                          [0m
[2;36m                    [0m         [37msub_f674(<MultiValues(<BV32 0x1257c>)>,            [0m
[2;36m                    [0m         [37m<MultiValues(<BV32 0x125ec>)>, <MultiValues(<BV32  [0m
[2;36m                    [0m         [37m0x56>)>, <MultiValues(<BV32 0x12604>)>) @ 0xaea0   [0m
[2;36m[04/16/26 15:10:18][0m[2;36m [0m[34mINFO    [0m [37mLLM forced reanalysis for                          [0m
[2;36m                    [0m         [37msub_9c08(<MultiValues(<BV32 TOP>)>,                [0m
[2;36m                    [0m         [37m<MultiValues(<BV32 0x0>)>, <MultiValues(<BV32      [0m
[2;36m                    [0m         [37mTOP>)>, <MultiValues(<BV32 TOP>)>,                 [0m
[2;36m                    [0m         [37m<MultiValues(<BV32 TOP>)>, <MultiValues({0: {<BV32 [0m
[2;36m                    [0m         [37m0x1>, <BV32 Reverse(TOP)>}})>, <MultiValues({0:    [0m
[2;36m                    [0m         [37m{<BV32 TOP>, <BV32 0xffffffff>}})>) @ 0xa408       [0m
[2;36m[04/16/26 15:10:25][0m[2;36m [0m[34mINFO    [0m [37mLLM forced reanalysis for                          [0m
[2;36m                    [0m         [37msub_103fc(<MultiValues(<BV32 stack_base -          [0m
[2;36m                    [0m         [37m0x11ec>)>, <MultiValues(<BV32 TOP>)>,              [0m
[2;36m                    [0m         [37m<MultiValues(<BV32 0xffffffff>)>) @ 0x9c70         [0m
[2;36m[04/16/26 15:10:40][0m[2;36m [0m[34mINFO    [0m [37mLLM forced reanalysis for                          [0m
[2;36m                    [0m         [37msub_cd08(<MultiValues(<BV32 0x7>)>,                [0m
[2;36m                    [0m         [37m<MultiValues(<BV32 0x121c0>)>, <MultiValues(<BV32  [0m
[2;36m                    [0m         [37m0x6e>)>, <MultiValues(<BV32 stack_base - 0x1230>)>)[0m
[2;36m                    [0m         [37m@ 0x9c94                                           [0m
[2;36m[04/16/26 15:10:59][0m[2;36m [0m[34mINFO    [0m [37mFound 1 potential sinks.                           [0m
[2;36m                   [0m[2;36m [0m[34mINFO    [0m [34mResolved call to execvp:[0m[37m                           [0m
[2;36m                   [0m[2;36m [0m[34mINFO    [0m [37m|[0m[32m|[0m[37mexecvp([0m[37m                                          [0m
[2;36m                   [0m[2;36m [0m[34mINFO    [0m [37m|[0m[32m|[0m[37m       r0: <BV32 0x12280> -> [0m[32m"/bin/pppd"[0m[37m,[0m[37m        [0m
[2;36m                   [0m[2;36m [0m[34mINFO    [0m [37m|[0m[32m|[0m[37m       r1: <BV32 stack_base - 0x1190> -> [0m[32m<BV32 [0m[37m  [0m
[2;36m                    [0m         [32m0x80220100>[0m[37m,[0m[37m                                       [0m
[2;36m                   [0m[2;36m [0m[34mINFO    [0m [37m|[0m[32m|[0m[37m       ) @ 0x9f24[0m[37m                                [0m
[2;36m                   [0m[2;36m [0m[34mINFO    [0m [37mFound 0 unresolved vulnerable definitions.         [0m
[2;36m[04/16/26 15:11:00][0m[2;36m [0m[34mINFO    [0m [37mAnalyzed 0/1 for sink execvp                       [0m
[2;36m                   [0m[2;36m [0m[34mINFO    [0m [37mFinished Running Analysis                          [0m
