[2;36m[04/16/26 14:14:25][0m[2;36m [0m[1;7;31mCRITICAL[0m [1;31mTARGETING SINKS: system                            [0m
[2;36m[04/16/26 14:14:26][0m[2;36m [0m[34mINFO    [0m [37mRunning RDA Taint on function main@0x8714...       [0m
[2;36m                   [0m[2;36m [0m[34mINFO    [0m [37mRunning RDA on function main@0x8714...             [0m
[2;36m[04/16/26 14:14:27][0m[2;36m [0m[34mINFO    [0m [37mFound 5 potential sinks.                           [0m
[2;36m                   [0m[2;36m [0m[34mINFO    [0m [34mResolved call to system:[0m[37m                           [0m
[2;36m                   [0m[2;36m [0m[34mINFO    [0m [37m|[0m[37msystem([0m[37m                                           [0m
[2;36m                   [0m[2;36m [0m[34mINFO    [0m [37m|[0m[37m       r0: <BV32 0x894c> -> [0m[32m"cat [0m[37m                 [0m
[2;36m                    [0m         [32m/proc/bcm947xx/coma > /tmp/coma"[0m[37m,[0m[37m                  [0m
[2;36m                   [0m[2;36m [0m[34mINFO    [0m [37m|[0m[37m       ) @ 0x8734 -> [0m[33m<BV32 0x0>[0m[37m                   [0m
[2;36m                   [0m[2;36m [0m[34mINFO    [0m [34mResolved call to system:[0m[37m                           [0m
[2;36m                   [0m[2;36m [0m[34mINFO    [0m [37m|[0m[37msystem([0m[37m                                           [0m
[2;36m                   [0m[2;36m [0m[34mINFO    [0m [37m|[0m[37m       r0: <BV32 0x8998> -> [0m[32m"rm /tmp/coma"[0m[37m,[0m[37m       [0m
[2;36m                   [0m[2;36m [0m[34mINFO    [0m [37m|[0m[37m       ) @ 0x876c -> [0m[33m<BV32 0x0>[0m[37m                   [0m
[2;36m                   [0m[2;36m [0m[34mINFO    [0m [34mResolved call to system:[0m[37m                           [0m
[2;36m                   [0m[2;36m [0m[34mINFO    [0m [37m|[0m[37msystem([0m[37m                                           [0m
[2;36m                   [0m[2;36m [0m[34mINFO    [0m [37m|[0m[37m       r0: <BV32 0x89dc> -> [0m[32m"echo "1" > [0m[37m          [0m
[2;36m                    [0m         [32m/proc/bcm947xx/coma"[0m[37m,[0m[37m                              [0m
[2;36m                   [0m[2;36m [0m[34mINFO    [0m [37m|[0m[37m       ) @ 0x889c -> [0m[33m<BV32 0x0>[0m[37m                   [0m
[2;36m                   [0m[2;36m [0m[34mINFO    [0m [34mResolved call to system:[0m[37m                           [0m
[2;36m                   [0m[2;36m [0m[34mINFO    [0m [37m|[0m[37msystem([0m[37m                                           [0m
[2;36m                   [0m[2;36m [0m[34mINFO    [0m [37m|[0m[37m       r0: <BV32 0x894c> -> [0m[32m"cat [0m[37m                 [0m
[2;36m                    [0m         [32m/proc/bcm947xx/coma > /tmp/coma"[0m[37m,[0m[37m                  [0m
[2;36m                   [0m[2;36m [0m[34mINFO    [0m [37m|[0m[37m       ) @ 0x88ac -> [0m[33m<BV32 0x0>[0m[37m                   [0m
[2;36m                   [0m[2;36m [0m[34mINFO    [0m [34mResolved call to system:[0m[37m                           [0m
[2;36m                   [0m[2;36m [0m[34mINFO    [0m [37m|[0m[37msystem([0m[37m                                           [0m
[2;36m                   [0m[2;36m [0m[34mINFO    [0m [37m|[0m[37m       r0: <BV32 0x8998> -> [0m[32m"rm /tmp/coma"[0m[37m,[0m[37m       [0m
[2;36m                   [0m[2;36m [0m[34mINFO    [0m [37m|[0m[37m       ) @ 0x88d0 -> [0m[33m<BV32 0x0>[0m[37m                   [0m
[2;36m                   [0m[2;36m [0m[34mINFO    [0m [37mFound 0 unresolved vulnerable definitions.         [0m
[2;36m                   [0m[2;36m [0m[34mINFO    [0m [37mAnalyzed 0/1 for sink system                       [0m
[2;36m                   [0m[2;36m [0m[34mINFO    [0m [37mFinished Running Analysis                          [0m
