[2;36m[04/19/26 11:30:03][0m[2;36m [0m[1;7;31mCRITICAL[0m [1;31mTARGETING SINKS: doSystemCmd                       [0m
[2;36m[04/19/26 11:30:04][0m[2;36m [0m[34mINFO    [0m [37mRunning RDA Taint on function main@0xdb2c...       [0m
[2;36m[04/19/26 11:30:05][0m[2;36m [0m[34mINFO    [0m [37mRunning RDA on function main@0xdb2c...             [0m
[2;36m[04/19/26 11:30:17][0m[2;36m [0m[34mINFO    [0m [37mLLM forced reanalysis for sub_c0d0() @ 0xdbf4      [0m
[2;36m[04/19/26 11:30:20][0m[2;36m [0m[34mINFO    [0m [37mLLM forced reanalysis for                          [0m
[2;36m                    [0m         [37msub_a9c8(<MultiValues(<BV32 stack_base - 0x70>)>) @[0m
[2;36m                    [0m         [37m0xc158                                             [0m
[2;36m[04/19/26 11:30:32][0m[2;36m [0m[34mINFO    [0m [37mFound 4 potential sinks.                           [0m
[2;36m                   [0m[2;36m [0m[34mINFO    [0m [34mResolved call to doSystemCmd:[0m[37m                      [0m
[2;36m                   [0m[2;36m [0m[34mINFO    [0m [37m|[0m[37mdoSystemCmd([0m[37m                                      [0m
[2;36m                   [0m[2;36m [0m[34mINFO    [0m [37m|[0m[37m            r0: "echo '1337' > /etc/ddnspid1"[0m[37m,[0m[37m    [0m
[2;36m                   [0m[2;36m [0m[34mINFO    [0m [37m|[0m[37m            r1: <BV32 TOP>,[0m[37m                       [0m
[2;36m                   [0m[2;36m [0m[34mINFO    [0m [37m|[0m[37m            r2: <BV32 0x1>,[0m[37m                       [0m
[2;36m                   [0m[2;36m [0m[34mINFO    [0m [37m|[0m[37m            ) @ 0xdf54 -> [0m[33m<BV32 0x0>[0m[37m              [0m
[2;36m                   [0m[2;36m [0m[34mINFO    [0m [37mFound 2 unresolved vulnerable definitions.         [0m
[2;36m                   [0m[2;36m [0m[1;7;31mCRITICAL[0m [1;31m**************************************************[0m[1;31m [0m
[2;36m                   [0m[2;36m [0m[1;7;31mCRITICAL[0m [1;31mUNRESOLVED CLOSURES to doSystemCmd: [0m[1;31m               [0m
[2;36m                   [0m[2;36m [0m[1;7;31mCRITICAL[0m [1;31m--------------------------------------------------[0m[1;31m [0m
[2;36m                   [0m[2;36m [0m[1;7;31mCRITICAL[0m [1;37m|[0m[1;31mdoSystemCmd([0m[1;31m                                      [0m
[2;36m                   [0m[2;36m [0m[1;7;31mCRITICAL[0m [1;37m|[0m[1;31m            r0: "echo 0 >/etc/ddns_<BV32 TOP>",[0m[1;31m   [0m
[2;36m                   [0m[2;36m [0m[1;7;31mCRITICAL[0m [1;37m|[0m[1;31m            r1: <BV32 0x19b90> -> [0m[1;34m"<BV32 TOP>"[0m[1;31m,[0m[1;31m   [0m
[2;36m                   [0m[2;36m [0m[1;7;31mCRITICAL[0m [1;37m|[0m[1;31m            ) @ 0xe198 -> [0m[1;33m<BV32 0x0>[0m[1;31m              [0m
[2;36m                   [0m[2;36m [0m[1;7;31mCRITICAL[0m [1;31m                                                   [0m
[2;36m                   [0m[2;36m [0m[1;7;31mCRITICAL[0m [1;31mBINARY: 3322ip                                     [0m
[2;36m                   [0m[2;36m [0m[1;7;31mCRITICAL[0m [1;31mINPUT SOURCES:                                     [0m
[2;36m                   [0m[2;36m [0m[1;7;31mCRITICAL[0m [1;35mLikely:[0m[1;31m                                            [0m
[2;36m                   [0m[2;36m [0m[1;7;31mCRITICAL[0m [1;35mNONE[0m[1;31m                                               [0m
[2;36m                   [0m[2;36m [0m[1;7;31mCRITICAL[0m [1;33mRANK: 0.500[0m[1;31m                                        [0m
[2;36m                   [0m[2;36m [0m[1;7;31mCRITICAL[0m [1;31m**************************************************[0m[1;31m [0m
[2;36m                   [0m[2;36m [0m[1;7;31mCRITICAL[0m [1;31mUNRESOLVED CLOSURES to doSystemCmd: [0m[1;31m               [0m
[2;36m                   [0m[2;36m [0m[1;7;31mCRITICAL[0m [1;31m--------------------------------------------------[0m[1;31m [0m
[2;36m                   [0m[2;36m [0m[1;7;31mCRITICAL[0m [1;37m|[0m[1;31mdoSystemCmd([0m[1;31m                                      [0m
[2;36m                   [0m[2;36m [0m[1;7;31mCRITICAL[0m [1;37m|[0m[1;31m            r0: "echo 0 >/etc/ddns_<BV32 TOP>",[0m[1;31m   [0m
[2;36m                   [0m[2;36m [0m[1;7;31mCRITICAL[0m [1;37m|[0m[1;31m            r1: <BV32 0x19b90> -> [0m[1;34m"<BV32 TOP>"[0m[1;31m,[0m[1;31m   [0m
[2;36m                   [0m[2;36m [0m[1;7;31mCRITICAL[0m [1;37m|[0m[1;31m            ) @ 0xe628 -> [0m[1;33m<BV32 0x0>[0m[1;31m              [0m
[2;36m                   [0m[2;36m [0m[1;7;31mCRITICAL[0m [1;31m                                                   [0m
[2;36m                   [0m[2;36m [0m[1;7;31mCRITICAL[0m [1;31mBINARY: 3322ip                                     [0m
[2;36m                   [0m[2;36m [0m[1;7;31mCRITICAL[0m [1;31mINPUT SOURCES:                                     [0m
[2;36m                   [0m[2;36m [0m[1;7;31mCRITICAL[0m [1;35mLikely:[0m[1;31m                                            [0m
[2;36m                   [0m[2;36m [0m[1;7;31mCRITICAL[0m [1;35mNONE[0m[1;31m                                               [0m
[2;36m                   [0m[2;36m [0m[1;7;31mCRITICAL[0m [1;33mRANK: 0.500[0m[1;31m                                        [0m
[2;36m                   [0m[2;36m [0m[1;7;31mCRITICAL[0m [1;31m**************************************************[0m[1;31m [0m
[2;36m                   [0m[2;36m [0m[1;7;31mCRITICAL[0m [1;31mUNRESOLVED CLOSURES to doSystemCmd: [0m[1;31m               [0m
[2;36m                   [0m[2;36m [0m[1;7;31mCRITICAL[0m [1;31m--------------------------------------------------[0m[1;31m [0m
[2;36m                   [0m[2;36m [0m[1;7;31mCRITICAL[0m [1;37m|[0m[1;31mdoSystemCmd([0m[1;31m                                      [0m
[2;36m                   [0m[2;36m [0m[1;7;31mCRITICAL[0m [1;37m|[0m[1;31m            r0: "echo 1 >/etc/ddns_<BV32 TOP>",[0m[1;31m   [0m
[2;36m                   [0m[2;36m [0m[1;7;31mCRITICAL[0m [1;37m|[0m[1;31m            r1: <BV32 0x19b90> -> [0m[1;34m"<BV32 TOP>"[0m[1;31m,[0m[1;31m   [0m
[2;36m                   [0m[2;36m [0m[1;7;31mCRITICAL[0m [1;37m|[0m[1;31m            ) @ 0xe27c -> [0m[1;33m<BV32 0x0>[0m[1;31m              [0m
[2;36m                   [0m[2;36m [0m[1;7;31mCRITICAL[0m [1;31m                                                   [0m
[2;36m                   [0m[2;36m [0m[1;7;31mCRITICAL[0m [1;31mBINARY: 3322ip                                     [0m
[2;36m                   [0m[2;36m [0m[1;7;31mCRITICAL[0m [1;31mINPUT SOURCES:                                     [0m
[2;36m                   [0m[2;36m [0m[1;7;31mCRITICAL[0m [1;35mLikely:[0m[1;31m                                            [0m
[2;36m                   [0m[2;36m [0m[1;7;31mCRITICAL[0m [1;35mNONE[0m[1;31m                                               [0m
[2;36m                   [0m[2;36m [0m[1;7;31mCRITICAL[0m [1;33mRANK: 0.500[0m[1;31m                                        [0m
[2;36m                   [0m[2;36m [0m[34mINFO    [0m [37mAnalyzed 0/10 for sink doSystemCmd                 [0m
[2;36m                   [0m[2;36m [0m[34mINFO    [0m [37mRunning RDA Taint on function sub_b514@0xb514...   [0m
[2;36m[04/19/26 11:30:33][0m[2;36m [0m[34mINFO    [0m [37mRunning RDA Taint on function sub_b7d8@0xb7d8...   [0m
[2;36m                   [0m[2;36m [0m[34mINFO    [0m [37mRunning RDA on function sub_b514@0xb514...         [0m
[2;36m[04/19/26 11:30:38][0m[2;36m [0m[34mINFO    [0m [37mLLM forced reanalysis for                          [0m
[2;36m                    [0m         [37mgetIfIp(<MultiValues(<BV32 0x19b90>)>,             [0m
[2;36m                    [0m         [37m<MultiValues(<BV32 stack_base - 0x40>)>) @ 0xb85c  [0m
[2;36m                   [0m[2;36m [0m[34mINFO    [0m [37mFound 1 potential sinks.                           [0m
[2;36m                   [0m[2;36m [0m[34mINFO    [0m [34mResolved call to doSystemCmd:[0m[37m                      [0m
[2;36m                   [0m[2;36m [0m[34mINFO    [0m [37m|[0m[37mdoSystemCmd([0m[37m                                      [0m
[2;36m                   [0m[2;36m [0m[34mINFO    [0m [37m|[0m[37m            r0: "ip rule del to 127.1.1.1 "[0m[37m,[0m[37m      [0m
[2;36m                   [0m[2;36m [0m[34mINFO    [0m [37m|[0m[37m            r1: <BV32 heap_base> -> [0m[32m"127.1.1.1"[0m[37m,[0m[37m  [0m
[2;36m                   [0m[2;36m [0m[34mINFO    [0m [37m|[0m[37m            ) @ 0xb7ac -> [0m[33m<BV32 0x0>[0m[37m              [0m
[2;36m                   [0m[2;36m [0m[34mINFO    [0m [34mResolved call to doSystemCmd:[0m[37m                      [0m
[2;36m                   [0m[2;36m [0m[34mINFO    [0m [37m|[0m[37mdoSystemCmd([0m[37m                                      [0m
[2;36m                   [0m[2;36m [0m[34mINFO    [0m [37m|[0m[37m            r0: "ip rule del to 127.1.1.1 "[0m[37m,[0m[37m      [0m
[2;36m                   [0m[2;36m [0m[34mINFO    [0m [37m|[0m[37m            r1: <BV32 heap_base> -> [0m[32m"127.1.1.1"[0m[37m,[0m[37m  [0m
[2;36m                   [0m[2;36m [0m[34mINFO    [0m [37m|[0m[37m            ) @ 0xb7ac -> [0m[33m<BV32 0x0>[0m[37m              [0m
[2;36m                   [0m[2;36m [0m[34mINFO    [0m [37mFound 0 unresolved vulnerable definitions.         [0m
[2;36m                   [0m[2;36m [0m[34mINFO    [0m [37mExclude function 0xb514 from future slices since   [0m
[2;36m                    [0m         [37mthe data dependencies are fully resolved.          [0m
[2;36m                   [0m[2;36m [0m[34mINFO    [0m [37mAnalyzed 1/10 for sink doSystemCmd                 [0m
[2;36m                   [0m[2;36m [0m[34mINFO    [0m [37mRunning RDA Taint on function sub_c3b0@0xc3b0...   [0m
[2;36m[04/19/26 11:30:39][0m[2;36m [0m[34mINFO    [0m [37mRunning RDA on function sub_c3b0@0xc3b0...         [0m
[2;36m                   [0m[2;36m [0m[34mINFO    [0m [37mLLM forced reanalysis for                          [0m
[2;36m                    [0m         [37mgetIfIp(<MultiValues(<BV32 0x19b90>)>,             [0m
[2;36m                    [0m         [37m<MultiValues(<BV32 stack_base - 0x1190>)>) @ 0xb85c[0m
[2;36m[04/19/26 11:30:42][0m[2;36m [0m[34mINFO    [0m [37mLLM forced reanalysis for                          [0m
[2;36m                    [0m         [37msub_aa7c(<MultiValues(<BV32 0xfff8>)>,             [0m
[2;36m                    [0m         [37m<MultiValues(<BV32 TOP>)>, <MultiValues(<BV32      [0m
[2;36m                    [0m         [37mTOP>)>, <MultiValues(<BV32 TOP>)>) @ 0xc488        [0m
[2;36m[04/19/26 11:30:50][0m[2;36m [0m[34mINFO    [0m [37mLLM forced reanalysis for                          [0m
[2;36m                    [0m         [37msub_bc40(<MultiValues(<BV32 stack_base - 0x1030>)>)[0m
[2;36m                    [0m         [37m@ 0xc72c                                           [0m
[2;36m[04/19/26 11:30:57][0m[2;36m [0m[34mINFO    [0m [37mLLM forced reanalysis for                          [0m
[2;36m                    [0m         [37msub_be90(<MultiValues(<BV32 stack_base - 0x1030>)>,[0m
[2;36m                    [0m         [37m<MultiValues(<BV32 0xfff>)>) @ 0xce0c              [0m
[2;36m[04/19/26 11:30:58][0m[2;36m [0m[34mINFO    [0m [37mFound 1 potential sinks.                           [0m
[2;36m                   [0m[2;36m [0m[34mINFO    [0m [34mResolved call to doSystemCmd:[0m[37m                      [0m
[2;36m                   [0m[2;36m [0m[34mINFO    [0m [37m|[0m[32m|[0m[37mdoSystemCmd([0m[37m                                     [0m
[2;36m                   [0m[2;36m [0m[34mINFO    [0m [37m|[0m[32m|[0m[37m            r0: "ip rule del to 127.1.1.1 "[0m[37m,[0m[37m     [0m
[2;36m                   [0m[2;36m [0m[34mINFO    [0m [37m|[0m[32m|[0m[37m            r1: <BV32 heap_base> -> [0m[32m"127.1.1.1"[0m[37m,[0m[37m [0m
[2;36m                   [0m[2;36m [0m[34mINFO    [0m [37m|[0m[32m|[0m[37m            ) @ 0xb7ac -> [0m[33m<BV32 0x0>[0m[37m             [0m
[2;36m                   [0m[2;36m [0m[34mINFO    [0m [34mResolved call to doSystemCmd:[0m[37m                      [0m
[2;36m                   [0m[2;36m [0m[34mINFO    [0m [37m|[0m[32m|[0m[37mdoSystemCmd([0m[37m                                     [0m
[2;36m                   [0m[2;36m [0m[34mINFO    [0m [37m|[0m[32m|[0m[37m            r0: "ip rule del to 127.1.1.1 "[0m[37m,[0m[37m     [0m
[2;36m                   [0m[2;36m [0m[34mINFO    [0m [37m|[0m[32m|[0m[37m            r1: <BV32 heap_base> -> [0m[32m"127.1.1.1"[0m[37m,[0m[37m [0m
[2;36m                   [0m[2;36m [0m[34mINFO    [0m [37m|[0m[32m|[0m[37m            ) @ 0xb7ac -> [0m[33m<BV32 0x0>[0m[37m             [0m
[2;36m                   [0m[2;36m [0m[34mINFO    [0m [37mFound 0 unresolved vulnerable definitions.         [0m
[2;36m                   [0m[2;36m [0m[34mINFO    [0m [37mExclude function 0xc3b0 from future slices since   [0m
[2;36m                    [0m         [37mthe data dependencies are fully resolved.          [0m
[2;36m                   [0m[2;36m [0m[34mINFO    [0m [37mAnalyzed 2/10 for sink doSystemCmd                 [0m
[2;36m                   [0m[2;36m [0m[34mINFO    [0m [37mRunning RDA Taint on function sub_b7d8@0xb7d8...   [0m
[2;36m                   [0m[2;36m [0m[34mINFO    [0m [37mRunning RDA Taint on function sub_b514@0xb514...   [0m
[2;36m                   [0m[2;36m [0m[34mINFO    [0m [37mRunning RDA Taint on function sub_c3b0@0xc3b0...   [0m
[2;36m[04/19/26 11:30:59][0m[2;36m [0m[34mINFO    [0m [37mRunning RDA on function sub_c3b0@0xc3b0...         [0m
[2;36m[04/19/26 11:31:00][0m[2;36m [0m[34mINFO    [0m [37mLLM forced reanalysis for                          [0m
[2;36m                    [0m         [37mgetIfIp(<MultiValues(<BV32 0x19b90>)>,             [0m
[2;36m                    [0m         [37m<MultiValues(<BV32 stack_base - 0x1190>)>) @ 0xb85c[0m
[2;36m                   [0m[2;36m [0m[34mINFO    [0m [37mLLM forced reanalysis for                          [0m
[2;36m                    [0m         [37msub_aa7c(<MultiValues(<BV32 0xfff8>)>,             [0m
[2;36m                    [0m         [37m<MultiValues(<BV32 TOP>)>, <MultiValues(<BV32      [0m
[2;36m                    [0m         [37mTOP>)>, <MultiValues(<BV32 TOP>)>) @ 0xc488        [0m
[2;36m                   [0m[2;36m [0m[34mINFO    [0m [37mLLM forced reanalysis for                          [0m
[2;36m                    [0m         [37msub_bc40(<MultiValues(<BV32 stack_base - 0x1030>)>)[0m
[2;36m                    [0m         [37m@ 0xc72c                                           [0m
[2;36m[04/19/26 11:31:02][0m[2;36m [0m[34mINFO    [0m [37mLLM forced reanalysis for                          [0m
[2;36m                    [0m         [37msub_be90(<MultiValues(<BV32 stack_base - 0x1030>)>,[0m
[2;36m                    [0m         [37m<MultiValues(<BV32 0xfff>)>) @ 0xce0c              [0m
[2;36m                   [0m[2;36m [0m[34mINFO    [0m [37mFound 1 potential sinks.                           [0m
[2;36m                   [0m[2;36m [0m[34mINFO    [0m [34mResolved call to doSystemCmd:[0m[37m                      [0m
[2;36m                   [0m[2;36m [0m[34mINFO    [0m [37m|[0m[32m|[0m[34m|[0m[37mdoSystemCmd([0m[37m                                    [0m
[2;36m                   [0m[2;36m [0m[34mINFO    [0m [37m|[0m[32m|[0m[34m|[0m[37m            r0: "ip rule add to 127.1.1.1 table [0m
[2;36m                    [0m         [37mwan2"[0m[37m | "ip rule add to 127.1.1.1 table wan3"[0m[37m | "ip[0m
[2;36m                    [0m         [37mrule add to 127.1.1.1 table wan1"[0m[37m | "ip rule add to[0m
[2;36m                    [0m         [37m127.1.1.1 table wan4"[0m[37m,[0m[37m                             [0m
[2;36m                   [0m[2;36m [0m[34mINFO    [0m [37m|[0m[32m|[0m[34m|[0m[37m            r1: <BV32 heap_base> -> [0m[32m"127.1.1.1"[0m[37m,[0m
[2;36m                   [0m[2;36m [0m[34mINFO    [0m [37m|[0m[32m|[0m[34m|[0m[37m            r2: None -> [0m[32m<BV32 0x1>[0m[37m | None -> [0m[37m   [0m
[2;36m                    [0m         [32m<BV32 0x2>[0m[37m | None -> [0m[32m<BV32 0x4>[0m[37m | None -> [0m[32m<BV32 [0m[37m   [0m
[2;36m                    [0m         [32m0x3>[0m[37m,[0m[37m                                              [0m
[2;36m                   [0m[2;36m [0m[34mINFO    [0m [37m|[0m[32m|[0m[34m|[0m[37m            ) @ 0xb7dc -> [0m[33m<BV32 0x0>[0m[37m            [0m
[2;36m                   [0m[2;36m [0m[34mINFO    [0m [34mResolved call to doSystemCmd:[0m[37m                      [0m
[2;36m                   [0m[2;36m [0m[34mINFO    [0m [37m|[0m[32m|[0m[34m|[0m[37mdoSystemCmd([0m[37m                                    [0m
[2;36m                   [0m[2;36m [0m[34mINFO    [0m [37m|[0m[32m|[0m[34m|[0m[37m            r0: "ip rule add to 127.1.1.1 table [0m
[2;36m                    [0m         [37mwan2"[0m[37m | "ip rule add to 127.1.1.1 table wan3"[0m[37m | "ip[0m
[2;36m                    [0m         [37mrule add to 127.1.1.1 table wan1"[0m[37m | "ip rule add to[0m
[2;36m                    [0m         [37m127.1.1.1 table wan4"[0m[37m,[0m[37m                             [0m
[2;36m                   [0m[2;36m [0m[34mINFO    [0m [37m|[0m[32m|[0m[34m|[0m[37m            r1: <BV32 heap_base> -> [0m[32m"127.1.1.1"[0m[37m,[0m
[2;36m                   [0m[2;36m [0m[34mINFO    [0m [37m|[0m[32m|[0m[34m|[0m[37m            r2: None -> [0m[32m<BV32 0x1>[0m[37m | None -> [0m[37m   [0m
[2;36m                    [0m         [32m<BV32 0x2>[0m[37m | None -> [0m[32m<BV32 0x4>[0m[37m | None -> [0m[32m<BV32 [0m[37m   [0m
[2;36m                    [0m         [32m0x3>[0m[37m,[0m[37m                                              [0m
[2;36m                   [0m[2;36m [0m[34mINFO    [0m [37m|[0m[32m|[0m[34m|[0m[37m            ) @ 0xb7dc -> [0m[33m<BV32 0x0>[0m[37m            [0m
[2;36m                   [0m[2;36m [0m[34mINFO    [0m [34mResolved call to doSystemCmd:[0m[37m                      [0m
[2;36m                   [0m[2;36m [0m[34mINFO    [0m [37m|[0m[32m|[0m[34m|[0m[37mdoSystemCmd([0m[37m                                    [0m
[2;36m                   [0m[2;36m [0m[34mINFO    [0m [37m|[0m[32m|[0m[34m|[0m[37m            r0: "ip rule add to 127.1.1.1 table [0m
[2;36m                    [0m         [37mwan2"[0m[37m | "ip rule add to 127.1.1.1 table wan3"[0m[37m | "ip[0m
[2;36m                    [0m         [37mrule add to 127.1.1.1 table wan1"[0m[37m | "ip rule add to[0m
[2;36m                    [0m         [37m127.1.1.1 table wan4"[0m[37m,[0m[37m                             [0m
[2;36m                   [0m[2;36m [0m[34mINFO    [0m [37m|[0m[32m|[0m[34m|[0m[37m            r1: <BV32 heap_base> -> [0m[32m"127.1.1.1"[0m[37m,[0m
[2;36m                   [0m[2;36m [0m[34mINFO    [0m [37m|[0m[32m|[0m[34m|[0m[37m            r2: None -> [0m[32m<BV32 0x1>[0m[37m | None -> [0m[37m   [0m
[2;36m                    [0m         [32m<BV32 0x2>[0m[37m | None -> [0m[32m<BV32 0x4>[0m[37m | None -> [0m[32m<BV32 [0m[37m   [0m
[2;36m                    [0m         [32m0x3>[0m[37m,[0m[37m                                              [0m
[2;36m                   [0m[2;36m [0m[34mINFO    [0m [37m|[0m[32m|[0m[34m|[0m[37m            ) @ 0xb7dc -> [0m[33m<BV32 0x0>[0m[37m            [0m
[2;36m                   [0m[2;36m [0m[34mINFO    [0m [34mResolved call to doSystemCmd:[0m[37m                      [0m
[2;36m                   [0m[2;36m [0m[34mINFO    [0m [37m|[0m[32m|[0m[34m|[0m[37mdoSystemCmd([0m[37m                                    [0m
[2;36m                   [0m[2;36m [0m[34mINFO    [0m [37m|[0m[32m|[0m[34m|[0m[37m            r0: "ip rule add to 127.1.1.1 table [0m
[2;36m                    [0m         [37mwan2"[0m[37m | "ip rule add to 127.1.1.1 table wan3"[0m[37m | "ip[0m
[2;36m                    [0m         [37mrule add to 127.1.1.1 table wan1"[0m[37m | "ip rule add to[0m
[2;36m                    [0m         [37m127.1.1.1 table wan4"[0m[37m,[0m[37m                             [0m
[2;36m                   [0m[2;36m [0m[34mINFO    [0m [37m|[0m[32m|[0m[34m|[0m[37m            r1: <BV32 heap_base> -> [0m[32m"127.1.1.1"[0m[37m,[0m
[2;36m                   [0m[2;36m [0m[34mINFO    [0m [37m|[0m[32m|[0m[34m|[0m[37m            r2: None -> [0m[32m<BV32 0x1>[0m[37m | None -> [0m[37m   [0m
[2;36m                    [0m         [32m<BV32 0x2>[0m[37m | None -> [0m[32m<BV32 0x4>[0m[37m | None -> [0m[32m<BV32 [0m[37m   [0m
[2;36m                    [0m         [32m0x3>[0m[37m,[0m[37m                                              [0m
[2;36m                   [0m[2;36m [0m[34mINFO    [0m [37m|[0m[32m|[0m[34m|[0m[37m            ) @ 0xb7dc -> [0m[33m<BV32 0x0>[0m[37m            [0m
[2;36m                   [0m[2;36m [0m[34mINFO    [0m [34mResolved call to doSystemCmd:[0m[37m                      [0m
[2;36m                   [0m[2;36m [0m[34mINFO    [0m [37m|[0m[32m|[0m[34m|[0m[37mdoSystemCmd([0m[37m                                    [0m
[2;36m                   [0m[2;36m [0m[34mINFO    [0m [37m|[0m[32m|[0m[34m|[0m[37m            r0: "ip rule add to 127.1.1.1 table [0m
[2;36m                    [0m         [37mwan2"[0m[37m | "ip rule add to 127.1.1.1 table wan3"[0m[37m | "ip[0m
[2;36m                    [0m         [37mrule add to 127.1.1.1 table wan1"[0m[37m | "ip rule add to[0m
[2;36m                    [0m         [37m127.1.1.1 table wan4"[0m[37m,[0m[37m                             [0m
[2;36m                   [0m[2;36m [0m[34mINFO    [0m [37m|[0m[32m|[0m[34m|[0m[37m            r1: <BV32 heap_base> -> [0m[32m"127.1.1.1"[0m[37m,[0m
[2;36m                   [0m[2;36m [0m[34mINFO    [0m [37m|[0m[32m|[0m[34m|[0m[37m            r2: None -> [0m[32m<BV32 0x1>[0m[37m | None -> [0m[37m   [0m
[2;36m                    [0m         [32m<BV32 0x2>[0m[37m | None -> [0m[32m<BV32 0x4>[0m[37m | None -> [0m[32m<BV32 [0m[37m   [0m
[2;36m                    [0m         [32m0x3>[0m[37m,[0m[37m                                              [0m
[2;36m                   [0m[2;36m [0m[34mINFO    [0m [37m|[0m[32m|[0m[34m|[0m[37m            ) @ 0xb7dc -> [0m[33m<BV32 0x0>[0m[37m            [0m
[2;36m                   [0m[2;36m [0m[34mINFO    [0m [34mResolved call to doSystemCmd:[0m[37m                      [0m
[2;36m                   [0m[2;36m [0m[34mINFO    [0m [37m|[0m[32m|[0m[34m|[0m[37mdoSystemCmd([0m[37m                                    [0m
[2;36m                   [0m[2;36m [0m[34mINFO    [0m [37m|[0m[32m|[0m[34m|[0m[37m            r0: "ip rule add to 127.1.1.1 table [0m
[2;36m                    [0m         [37mwan2"[0m[37m | "ip rule add to 127.1.1.1 table wan3"[0m[37m | "ip[0m
[2;36m                    [0m         [37mrule add to 127.1.1.1 table wan1"[0m[37m | "ip rule add to[0m
[2;36m                    [0m         [37m127.1.1.1 table wan4"[0m[37m,[0m[37m                             [0m
[2;36m                   [0m[2;36m [0m[34mINFO    [0m [37m|[0m[32m|[0m[34m|[0m[37m            r1: <BV32 heap_base> -> [0m[32m"127.1.1.1"[0m[37m,[0m
[2;36m                   [0m[2;36m [0m[34mINFO    [0m [37m|[0m[32m|[0m[34m|[0m[37m            r2: None -> [0m[32m<BV32 0x1>[0m[37m | None -> [0m[37m   [0m
[2;36m                    [0m         [32m<BV32 0x2>[0m[37m | None -> [0m[32m<BV32 0x4>[0m[37m | None -> [0m[32m<BV32 [0m[37m   [0m
[2;36m                    [0m         [32m0x3>[0m[37m,[0m[37m                                              [0m
[2;36m                   [0m[2;36m [0m[34mINFO    [0m [37m|[0m[32m|[0m[34m|[0m[37m            ) @ 0xb7dc -> [0m[33m<BV32 0x0>[0m[37m            [0m
[2;36m                   [0m[2;36m [0m[34mINFO    [0m [34mResolved call to doSystemCmd:[0m[37m                      [0m
[2;36m                   [0m[2;36m [0m[34mINFO    [0m [37m|[0m[32m|[0m[34m|[0m[37mdoSystemCmd([0m[37m                                    [0m
[2;36m                   [0m[2;36m [0m[34mINFO    [0m [37m|[0m[32m|[0m[34m|[0m[37m            r0: "ip rule add to 127.1.1.1 table [0m
[2;36m                    [0m         [37mwan2"[0m[37m | "ip rule add to 127.1.1.1 table wan3"[0m[37m | "ip[0m
[2;36m                    [0m         [37mrule add to 127.1.1.1 table wan1"[0m[37m | "ip rule add to[0m
[2;36m                    [0m         [37m127.1.1.1 table wan4"[0m[37m,[0m[37m                             [0m
[2;36m                   [0m[2;36m [0m[34mINFO    [0m [37m|[0m[32m|[0m[34m|[0m[37m            r1: <BV32 heap_base> -> [0m[32m"127.1.1.1"[0m[37m,[0m
[2;36m                   [0m[2;36m [0m[34mINFO    [0m [37m|[0m[32m|[0m[34m|[0m[37m            r2: None -> [0m[32m<BV32 0x1>[0m[37m | None -> [0m[37m   [0m
[2;36m                    [0m         [32m<BV32 0x2>[0m[37m | None -> [0m[32m<BV32 0x4>[0m[37m | None -> [0m[32m<BV32 [0m[37m   [0m
[2;36m                    [0m         [32m0x3>[0m[37m,[0m[37m                                              [0m
[2;36m                   [0m[2;36m [0m[34mINFO    [0m [37m|[0m[32m|[0m[34m|[0m[37m            ) @ 0xb7dc -> [0m[33m<BV32 0x0>[0m[37m            [0m
[2;36m                   [0m[2;36m [0m[34mINFO    [0m [34mResolved call to doSystemCmd:[0m[37m                      [0m
[2;36m                   [0m[2;36m [0m[34mINFO    [0m [37m|[0m[32m|[0m[34m|[0m[37mdoSystemCmd([0m[37m                                    [0m
[2;36m                   [0m[2;36m [0m[34mINFO    [0m [37m|[0m[32m|[0m[34m|[0m[37m            r0: "ip rule add to 127.1.1.1 table [0m
[2;36m                    [0m         [37mwan2"[0m[37m | "ip rule add to 127.1.1.1 table wan3"[0m[37m | "ip[0m
[2;36m                    [0m         [37mrule add to 127.1.1.1 table wan1"[0m[37m | "ip rule add to[0m
[2;36m                    [0m         [37m127.1.1.1 table wan4"[0m[37m,[0m[37m                             [0m
[2;36m                   [0m[2;36m [0m[34mINFO    [0m [37m|[0m[32m|[0m[34m|[0m[37m            r1: <BV32 heap_base> -> [0m[32m"127.1.1.1"[0m[37m,[0m
[2;36m                   [0m[2;36m [0m[34mINFO    [0m [37m|[0m[32m|[0m[34m|[0m[37m            r2: None -> [0m[32m<BV32 0x1>[0m[37m | None -> [0m[37m   [0m
[2;36m                    [0m         [32m<BV32 0x2>[0m[37m | None -> [0m[32m<BV32 0x4>[0m[37m | None -> [0m[32m<BV32 [0m[37m   [0m
[2;36m                    [0m         [32m0x3>[0m[37m,[0m[37m                                              [0m
[2;36m                   [0m[2;36m [0m[34mINFO    [0m [37m|[0m[32m|[0m[34m|[0m[37m            ) @ 0xb7dc -> [0m[33m<BV32 0x0>[0m[37m            [0m
[2;36m                   [0m[2;36m [0m[34mINFO    [0m [37mFound 0 unresolved vulnerable definitions.         [0m
[2;36m                   [0m[2;36m [0m[34mINFO    [0m [37mExclude function 0xc3b0 from future slices since   [0m
[2;36m                    [0m         [37mthe data dependencies are fully resolved.          [0m
[2;36m                   [0m[2;36m [0m[34mINFO    [0m [37mAnalyzed 4/10 for sink doSystemCmd                 [0m
[2;36m                   [0m[2;36m [0m[1;7;31mCRITICAL[0m [1;31m**************************************************[0m[1;31m [0m
[2;36m                   [0m[2;36m [0m[1;7;31mCRITICAL[0m [1;31mUNRESOLVED CLOSURES to doSystemCmd: [0m[1;31m               [0m
[2;36m                   [0m[2;36m [0m[1;7;31mCRITICAL[0m [1;31m--------------------------------------------------[0m[1;31m [0m
[2;36m                   [0m[2;36m [0m[1;7;31mCRITICAL[0m [1;37m|[0m[1;31mdoSystemCmd([0m[1;31m                                      [0m
[2;36m                   [0m[2;36m [0m[1;7;31mCRITICAL[0m [1;37m|[0m[1;31m            r0: "echo 0 >/etc/ddns_<BV32 TOP>",[0m[1;31m   [0m
[2;36m                   [0m[2;36m [0m[1;7;31mCRITICAL[0m [1;37m|[0m[1;31m            r1: <BV32 0x19b90> -> [0m[1;34m"<BV32 TOP>"[0m[1;31m,[0m[1;31m   [0m
[2;36m                   [0m[2;36m [0m[1;7;31mCRITICAL[0m [1;37m|[0m[1;31m            ) @ 0xe198 -> [0m[1;33m<BV32 0x0>[0m[1;31m              [0m
[2;36m                   [0m[2;36m [0m[1;7;31mCRITICAL[0m [1;31m                                                   [0m
[2;36m                   [0m[2;36m [0m[1;7;31mCRITICAL[0m [1;31mBINARY: 3322ip                                     [0m
[2;36m                   [0m[2;36m [0m[1;7;31mCRITICAL[0m [1;31mINPUT SOURCES:                                     [0m
[2;36m                   [0m[2;36m [0m[1;7;31mCRITICAL[0m [1;35mLikely:[0m[1;31m                                            [0m
[2;36m                   [0m[2;36m [0m[1;7;31mCRITICAL[0m [1;35mNONE[0m[1;31m                                               [0m
[2;36m                   [0m[2;36m [0m[1;7;31mCRITICAL[0m [1;33mRANK: 0.500[0m[1;31m                                        [0m
[2;36m                   [0m[2;36m [0m[1;7;31mCRITICAL[0m [1;31m--------------------------------------------------[0m[1;31m [0m
[2;36m                   [0m[2;36m [0m[1;7;31mCRITICAL[0m [1;37m|[0m[1;31mdoSystemCmd([0m[1;31m                                      [0m
[2;36m                   [0m[2;36m [0m[1;7;31mCRITICAL[0m [1;37m|[0m[1;31m            r0: "echo 0 >/etc/ddns_<BV32 TOP>",[0m[1;31m   [0m
[2;36m                   [0m[2;36m [0m[1;7;31mCRITICAL[0m [1;37m|[0m[1;31m            r1: <BV32 0x19b90> -> [0m[1;34m"<BV32 TOP>"[0m[1;31m,[0m[1;31m   [0m
[2;36m                   [0m[2;36m [0m[1;7;31mCRITICAL[0m [1;37m|[0m[1;31m            ) @ 0xe628 -> [0m[1;33m<BV32 0x0>[0m[1;31m              [0m
[2;36m                   [0m[2;36m [0m[1;7;31mCRITICAL[0m [1;31m                                                   [0m
[2;36m                   [0m[2;36m [0m[1;7;31mCRITICAL[0m [1;31mBINARY: 3322ip                                     [0m
[2;36m                   [0m[2;36m [0m[1;7;31mCRITICAL[0m [1;31mINPUT SOURCES:                                     [0m
[2;36m                   [0m[2;36m [0m[1;7;31mCRITICAL[0m [1;35mLikely:[0m[1;31m                                            [0m
[2;36m                   [0m[2;36m [0m[1;7;31mCRITICAL[0m [1;35mNONE[0m[1;31m                                               [0m
[2;36m                   [0m[2;36m [0m[1;7;31mCRITICAL[0m [1;33mRANK: 0.500[0m[1;31m                                        [0m
[2;36m                   [0m[2;36m [0m[1;7;31mCRITICAL[0m [1;31m--------------------------------------------------[0m[1;31m [0m
[2;36m                   [0m[2;36m [0m[1;7;31mCRITICAL[0m [1;37m|[0m[1;31mdoSystemCmd([0m[1;31m                                      [0m
[2;36m                   [0m[2;36m [0m[1;7;31mCRITICAL[0m [1;37m|[0m[1;31m            r0: "echo 1 >/etc/ddns_<BV32 TOP>",[0m[1;31m   [0m
[2;36m                   [0m[2;36m [0m[1;7;31mCRITICAL[0m [1;37m|[0m[1;31m            r1: <BV32 0x19b90> -> [0m[1;34m"<BV32 TOP>"[0m[1;31m,[0m[1;31m   [0m
[2;36m                   [0m[2;36m [0m[1;7;31mCRITICAL[0m [1;37m|[0m[1;31m            ) @ 0xe27c -> [0m[1;33m<BV32 0x0>[0m[1;31m              [0m
[2;36m                   [0m[2;36m [0m[1;7;31mCRITICAL[0m [1;31m                                                   [0m
[2;36m                   [0m[2;36m [0m[1;7;31mCRITICAL[0m [1;31mBINARY: 3322ip                                     [0m
[2;36m                   [0m[2;36m [0m[1;7;31mCRITICAL[0m [1;31mINPUT SOURCES:                                     [0m
[2;36m                   [0m[2;36m [0m[1;7;31mCRITICAL[0m [1;35mLikely:[0m[1;31m                                            [0m
[2;36m                   [0m[2;36m [0m[1;7;31mCRITICAL[0m [1;35mNONE[0m[1;31m                                               [0m
[2;36m                   [0m[2;36m [0m[1;7;31mCRITICAL[0m [1;33mRANK: 0.500[0m[1;31m                                        [0m
[2;36m                   [0m[2;36m [0m[34mINFO    [0m [37mFinished Running Analysis                          [0m
