[2;36m[04/19/26 15:34:15][0m[2;36m [0m[1;7;31mCRITICAL[0m [1;31mTARGETING SINKS: system, popen, execl              [0m
[2;36m[04/19/26 15:34:16][0m[2;36m [0m[34mINFO    [0m [37mRunning RDA Taint on function sub_a6e8@0xa6e8...   [0m
[2;36m[04/19/26 15:34:18][0m[2;36m [0m[34mINFO    [0m [37mRunning RDA Taint on function sub_9de8@0x9de8...   [0m
[2;36m[04/19/26 15:34:20][0m[2;36m [0m[34mINFO    [0m [37mRunning RDA Taint on function main@0x9f04...       [0m
[2;36m[04/19/26 15:34:22][0m[2;36m [0m[34mINFO    [0m [37mRunning RDA on function main@0x9f04...             [0m
[2;36m[04/19/26 15:34:30][0m[2;36m [0m[34mINFO    [0m [37mLLM forced reanalysis for                          [0m
[2;36m                    [0m         [37msub_16a64(<MultiValues(<BV32 stack_base - 0x838>)>)[0m
[2;36m                    [0m         [37m@ 0x12140                                          [0m
[2;36m[04/19/26 15:34:35][0m[2;36m [0m[34mINFO    [0m [37mLLM forced reanalysis for sub_16d4c() @ 0x16ab4    [0m
[2;36m[04/19/26 15:34:39][0m[2;36m [0m[34mINFO    [0m [37mLLM forced reanalysis for                          [0m
[2;36m                    [0m         [37msub_16cf0(<MultiValues(<BV32 0x249f8>)>,           [0m
[2;36m                    [0m         [37m<MultiValues(<BV32 0x0>)>, <MultiValues(<BV32      [0m
[2;36m                    [0m         [37m0x0>)>) @ 0x16d84                                  [0m
[2;36m[04/19/26 15:34:47][0m[2;36m [0m[34mINFO    [0m [37mLLM forced reanalysis for                          [0m
[2;36m                    [0m         [37msub_17348(<MultiValues(<BV32 0x0>)>) @ 0x16d8c     [0m
[2;36m[04/19/26 15:34:50][0m[2;36m [0m[34mINFO    [0m [37mLLM forced reanalysis for                          [0m
[2;36m                    [0m         [37msub_134f8(<MultiValues(<BV32 TOP>)>) @ 0x16dec     [0m
[2;36m[04/19/26 15:36:08][0m[2;36m [0m[34mINFO    [0m [37mFound 1 potential sinks.                           [0m
[2;36m                   [0m[2;36m [0m[34mINFO    [0m [37mFound 1 unresolved vulnerable definitions.         [0m
[2;36m                   [0m[2;36m [0m[1;7;31mCRITICAL[0m [1;31m**************************************************[0m[1;31m [0m
[2;36m                   [0m[2;36m [0m[1;7;31mCRITICAL[0m [1;31mUNRESOLVED CLOSURES to system: [0m[1;31m                    [0m
[2;36m                   [0m[2;36m [0m[1;7;31mCRITICAL[0m [1;31m--------------------------------------------------[0m[1;31m [0m
[2;36m                   [0m[2;36m [0m[1;7;31mCRITICAL[0m [1;37m|[0m[1;32m|[0m[1;34m|[0m[1;31msystem([0m[1;31m                                         [0m
[2;36m                   [0m[2;36m [0m[1;7;31mCRITICAL[0m [1;37m|[0m[1;32m|[0m[1;34m|[0m[1;31m       r0: <BV32 stack_base - 0x1070> -> [0m[1;34m"cfm [0m[1;31m  [0m
[2;36m                    [0m         [1;34mpost netctrl 51?op=3,string_info=<BV32 [0m[1;31m            [0m
[2;36m                    [0m         [1;34mgetenv("REQUEST_METHOD")@0x9f40_51_256[255:224]>" |[0m
[2;36m                    [0m         [1;34m"cfm post netctrl 51?op=3,string_info=<BV256 [0m[1;31m      [0m
[2;36m                    [0m         [1;34mgetenv("REQUEST_METHOD")@0x9f40_51_256>" | "cfm [0m[1;31m   [0m
[2;36m                    [0m         [1;34mpost netctrl 51?op=3,string_info=<BV256 [0m[1;31m           [0m
[2;36m                    [0m         [1;34mgetenv("REQUEST_METHOD")@0x9f40_51_256>" | "cfm [0m[1;31m   [0m
[2;36m                    [0m         [1;34mpost netctrl 51?op=3,string_info=<BV32 TOP><BV224 [0m[1;31m [0m
[2;36m                    [0m         [1;34mgetenv("REQUEST_METHOD")@0x9f40_51_256[223:0]>"[0m[1;31m,[0m[1;31m   [0m
[2;36m                   [0m[2;36m [0m[1;7;31mCRITICAL[0m [1;37m|[0m[1;32m|[0m[1;34m|[0m[1;31m       ) @ 0xa7c0 -> [0m[1;33m<BV32 0x0>[0m[1;31m                 [0m
[2;36m                   [0m[2;36m [0m[1;7;31mCRITICAL[0m [1;31m                                                   [0m
[2;36m                   [0m[2;36m [0m[1;7;31mCRITICAL[0m [1;31mBINARY: app_data_center                            [0m
[2;36m                   [0m[2;36m [0m[1;7;31mCRITICAL[0m [1;31mINPUT SOURCES:                                     [0m
[2;36m                   [0m[2;36m [0m[1;7;31mCRITICAL[0m [1;35mLikely:[0m[1;31m                                            [0m
[2;36m                   [0m[2;36m [0m[1;7;31mCRITICAL[0m [1;35m----------[0m[1;31m                                         [0m
[2;36m                   [0m[2;36m [0m[1;7;31mCRITICAL[0m [1;35mKEY: "REQUEST_METHOD"[0m[1;31m                              [0m
[2;36m                   [0m[2;36m [0m[1;7;31mCRITICAL[0m [1;35mKeywords: None[0m[1;31m                                     [0m
[2;36m                   [0m[2;36m [0m[1;7;31mCRITICAL[0m [1;35mBinary Source: UNKNOWN[0m[1;31m                             [0m
[2;36m                   [0m[2;36m [0m[1;7;31mCRITICAL[0m [1;35mSink: getenv("REQUEST_METHOD")@0x9f40[0m[1;31m              [0m
[2;36m                   [0m[2;36m [0m[1;7;31mCRITICAL[0m [1;35m----------[0m[1;31m                                         [0m
[2;36m                   [0m[2;36m [0m[1;7;31mCRITICAL[0m [1;33mRANK: 70.700[0m[1;31m                                       [0m
[2;36m[04/19/26 15:36:09][0m[2;36m [0m[34mINFO    [0m [37mAnalyzed 0/1 for sink system                       [0m
[2;36m                   [0m[2;36m [0m[34mINFO    [0m [37mRunning RDA Taint on function sub_13368@0x13368... [0m
[2;36m                   [0m[2;36m [0m[34mINFO    [0m [37mRunning RDA on function sub_13368@0x13368...       [0m
[2;36m[04/19/26 15:36:12][0m[2;36m [0m[34mINFO    [0m [37mFound 1 potential sinks.                           [0m
[2;36m                   [0m[2;36m [0m[34mINFO    [0m [37mFound 1 unresolved vulnerable definitions.         [0m
[2;36m                   [0m[2;36m [0m[1;7;31mCRITICAL[0m [1;31m**************************************************[0m[1;31m [0m
[2;36m                   [0m[2;36m [0m[1;7;31mCRITICAL[0m [1;31mUNRESOLVED CLOSURES to popen: [0m[1;31m                     [0m
[2;36m                   [0m[2;36m [0m[1;7;31mCRITICAL[0m [1;31m--------------------------------------------------[0m[1;31m [0m
[2;36m                   [0m[2;36m [0m[1;7;31mCRITICAL[0m [1;31mTRACE: sub_13368->popen                            [0m
[2;36m                   [0m[2;36m [0m[1;7;31mCRITICAL[0m [1;31m^^^^^^^^^^^^^^^^^^^^^^^^^^^^^^^^^^^^^^^^^^^^^^^^^^ [0m
[2;36m                   [0m[2;36m [0m[1;7;31mCRITICAL[0m [1;37m|[0m[1;31mpopen([0m[1;31m                                            [0m
[2;36m                   [0m[2;36m [0m[1;7;31mCRITICAL[0m [1;37m|[0m[1;31m      r0: <BV32 TOP>,[0m[1;31m                             [0m
[2;36m                   [0m[2;36m [0m[1;7;31mCRITICAL[0m [1;37m|[0m[1;31m      r1: <BV32 TOP>,[0m[1;31m                             [0m
[2;36m                   [0m[2;36m [0m[1;7;31mCRITICAL[0m [1;37m|[0m[1;31m      ) @ 0x13384[0m[1;31m                                 [0m
[2;36m                   [0m[2;36m [0m[1;7;31mCRITICAL[0m [1;31m                                                   [0m
[2;36m                   [0m[2;36m [0m[1;7;31mCRITICAL[0m [1;31mBINARY: app_data_center                            [0m
[2;36m                   [0m[2;36m [0m[1;7;31mCRITICAL[0m [1;31mINPUT SOURCES:                                     [0m
[2;36m                   [0m[2;36m [0m[1;7;31mCRITICAL[0m [1;34mUNKNOWN[0m[1;31m                                            [0m
[2;36m                   [0m[2;36m [0m[34mINFO    [0m [37mAnalyzed 0/1 for sink popen                        [0m
[2;36m                   [0m[2;36m [0m[34mINFO    [0m [37mRunning RDA Taint on function sub_17d6c@0x17d6c... [0m
[2;36m                   [0m[2;36m [0m[34mINFO    [0m [37mRunning RDA on function sub_17d6c@0x17d6c...       [0m
[2;36m                   [0m[2;36m [0m[34mINFO    [0m [37mFound 1 potential sinks.                           [0m
[2;36m                   [0m[2;36m [0m[34mINFO    [0m [37mFound 1 unresolved vulnerable definitions.         [0m
[2;36m                   [0m[2;36m [0m[1;7;31mCRITICAL[0m [1;31m**************************************************[0m[1;31m [0m
[2;36m                   [0m[2;36m [0m[1;7;31mCRITICAL[0m [1;31mUNRESOLVED CLOSURES to execl: [0m[1;31m                     [0m
[2;36m                   [0m[2;36m [0m[1;7;31mCRITICAL[0m [1;31m--------------------------------------------------[0m[1;31m [0m
[2;36m                   [0m[2;36m [0m[1;7;31mCRITICAL[0m [1;31mTRACE: sub_17d6c->execl                            [0m
[2;36m                   [0m[2;36m [0m[1;7;31mCRITICAL[0m [1;31m^^^^^^^^^^^^^^^^^^^^^^^^^^^^^^^^^^^^^^^^^^^^^^^^^^ [0m
[2;36m                   [0m[2;36m [0m[1;7;31mCRITICAL[0m [1;37m|[0m[1;31mexecl([0m[1;31m                                            [0m
[2;36m                   [0m[2;36m [0m[1;7;31mCRITICAL[0m [1;37m|[0m[1;31m      r0: <BV32 TOP>,[0m[1;31m                             [0m
[2;36m                   [0m[2;36m [0m[1;7;31mCRITICAL[0m [1;37m|[0m[1;31m      r1: <BV32 TOP>,[0m[1;31m                             [0m
[2;36m                   [0m[2;36m [0m[1;7;31mCRITICAL[0m [1;37m|[0m[1;31m      ) @ 0x17dfc[0m[1;31m                                 [0m
[2;36m                   [0m[2;36m [0m[1;7;31mCRITICAL[0m [1;31m                                                   [0m
[2;36m                   [0m[2;36m [0m[1;7;31mCRITICAL[0m [1;31mBINARY: app_data_center                            [0m
[2;36m                   [0m[2;36m [0m[1;7;31mCRITICAL[0m [1;31mINPUT SOURCES:                                     [0m
[2;36m                   [0m[2;36m [0m[1;7;31mCRITICAL[0m [1;34mUNKNOWN[0m[1;31m                                            [0m
[2;36m                   [0m[2;36m [0m[34mINFO    [0m [37mAnalyzed 0/1 for sink execl                        [0m
[2;36m                   [0m[2;36m [0m[1;7;31mCRITICAL[0m [1;31m**************************************************[0m[1;31m [0m
[2;36m                   [0m[2;36m [0m[1;7;31mCRITICAL[0m [1;31mUNRESOLVED CLOSURES to system: [0m[1;31m                    [0m
[2;36m                   [0m[2;36m [0m[1;7;31mCRITICAL[0m [1;31m--------------------------------------------------[0m[1;31m [0m
[2;36m                   [0m[2;36m [0m[1;7;31mCRITICAL[0m [1;37m|[0m[1;32m|[0m[1;34m|[0m[1;31msystem([0m[1;31m                                         [0m
[2;36m                   [0m[2;36m [0m[1;7;31mCRITICAL[0m [1;37m|[0m[1;32m|[0m[1;34m|[0m[1;31m       r0: <BV32 stack_base - 0x1070> -> [0m[1;34m"cfm [0m[1;31m  [0m
[2;36m                    [0m         [1;34mpost netctrl 51?op=3,string_info=<BV32 [0m[1;31m            [0m
[2;36m                    [0m         [1;34mgetenv("REQUEST_METHOD")@0x9f40_51_256[255:224]>" |[0m
[2;36m                    [0m         [1;34m"cfm post netctrl 51?op=3,string_info=<BV256 [0m[1;31m      [0m
[2;36m                    [0m         [1;34mgetenv("REQUEST_METHOD")@0x9f40_51_256>" | "cfm [0m[1;31m   [0m
[2;36m                    [0m         [1;34mpost netctrl 51?op=3,string_info=<BV256 [0m[1;31m           [0m
[2;36m                    [0m         [1;34mgetenv("REQUEST_METHOD")@0x9f40_51_256>" | "cfm [0m[1;31m   [0m
[2;36m                    [0m         [1;34mpost netctrl 51?op=3,string_info=<BV32 TOP><BV224 [0m[1;31m [0m
[2;36m                    [0m         [1;34mgetenv("REQUEST_METHOD")@0x9f40_51_256[223:0]>"[0m[1;31m,[0m[1;31m   [0m
[2;36m                   [0m[2;36m [0m[1;7;31mCRITICAL[0m [1;37m|[0m[1;32m|[0m[1;34m|[0m[1;31m       ) @ 0xa7c0 -> [0m[1;33m<BV32 0x0>[0m[1;31m                 [0m
[2;36m                   [0m[2;36m [0m[1;7;31mCRITICAL[0m [1;31m                                                   [0m
[2;36m                   [0m[2;36m [0m[1;7;31mCRITICAL[0m [1;31mBINARY: app_data_center                            [0m
[2;36m                   [0m[2;36m [0m[1;7;31mCRITICAL[0m [1;31mINPUT SOURCES:                                     [0m
[2;36m                   [0m[2;36m [0m[1;7;31mCRITICAL[0m [1;35mLikely:[0m[1;31m                                            [0m
[2;36m                   [0m[2;36m [0m[1;7;31mCRITICAL[0m [1;35m----------[0m[1;31m                                         [0m
[2;36m                   [0m[2;36m [0m[1;7;31mCRITICAL[0m [1;35mKEY: "REQUEST_METHOD"[0m[1;31m                              [0m
[2;36m                   [0m[2;36m [0m[1;7;31mCRITICAL[0m [1;35mKeywords: None[0m[1;31m                                     [0m
[2;36m                   [0m[2;36m [0m[1;7;31mCRITICAL[0m [1;35mBinary Source: UNKNOWN[0m[1;31m                             [0m
[2;36m                   [0m[2;36m [0m[1;7;31mCRITICAL[0m [1;35mSink: getenv("REQUEST_METHOD")@0x9f40[0m[1;31m              [0m
[2;36m                   [0m[2;36m [0m[1;7;31mCRITICAL[0m [1;35m----------[0m[1;31m                                         [0m
[2;36m                   [0m[2;36m [0m[1;7;31mCRITICAL[0m [1;33mRANK: 70.700[0m[1;31m                                       [0m
[2;36m                   [0m[2;36m [0m[1;7;31mCRITICAL[0m [1;31m**************************************************[0m[1;31m [0m
[2;36m                   [0m[2;36m [0m[1;7;31mCRITICAL[0m [1;31mUNRESOLVED CLOSURES to popen: [0m[1;31m                     [0m
[2;36m                   [0m[2;36m [0m[1;7;31mCRITICAL[0m [1;31m--------------------------------------------------[0m[1;31m [0m
[2;36m                   [0m[2;36m [0m[1;7;31mCRITICAL[0m [1;31mTRACE: sub_13368->popen                            [0m
[2;36m                   [0m[2;36m [0m[1;7;31mCRITICAL[0m [1;31m^^^^^^^^^^^^^^^^^^^^^^^^^^^^^^^^^^^^^^^^^^^^^^^^^^ [0m
[2;36m                   [0m[2;36m [0m[1;7;31mCRITICAL[0m [1;37m|[0m[1;31mpopen([0m[1;31m                                            [0m
[2;36m                   [0m[2;36m [0m[1;7;31mCRITICAL[0m [1;37m|[0m[1;31m      r0: <BV32 TOP>,[0m[1;31m                             [0m
[2;36m                   [0m[2;36m [0m[1;7;31mCRITICAL[0m [1;37m|[0m[1;31m      r1: <BV32 TOP>,[0m[1;31m                             [0m
[2;36m                   [0m[2;36m [0m[1;7;31mCRITICAL[0m [1;37m|[0m[1;31m      ) @ 0x13384[0m[1;31m                                 [0m
[2;36m                   [0m[2;36m [0m[1;7;31mCRITICAL[0m [1;31m                                                   [0m
[2;36m                   [0m[2;36m [0m[1;7;31mCRITICAL[0m [1;31mBINARY: app_data_center                            [0m
[2;36m                   [0m[2;36m [0m[1;7;31mCRITICAL[0m [1;31mINPUT SOURCES:                                     [0m
[2;36m                   [0m[2;36m [0m[1;7;31mCRITICAL[0m [1;34mUNKNOWN[0m[1;31m                                            [0m
[2;36m                   [0m[2;36m [0m[1;7;31mCRITICAL[0m [1;31m**************************************************[0m[1;31m [0m
[2;36m                   [0m[2;36m [0m[1;7;31mCRITICAL[0m [1;31mUNRESOLVED CLOSURES to execl: [0m[1;31m                     [0m
[2;36m                   [0m[2;36m [0m[1;7;31mCRITICAL[0m [1;31m--------------------------------------------------[0m[1;31m [0m
[2;36m                   [0m[2;36m [0m[1;7;31mCRITICAL[0m [1;31mTRACE: sub_17d6c->execl                            [0m
[2;36m                   [0m[2;36m [0m[1;7;31mCRITICAL[0m [1;31m^^^^^^^^^^^^^^^^^^^^^^^^^^^^^^^^^^^^^^^^^^^^^^^^^^ [0m
[2;36m                   [0m[2;36m [0m[1;7;31mCRITICAL[0m [1;37m|[0m[1;31mexecl([0m[1;31m                                            [0m
[2;36m                   [0m[2;36m [0m[1;7;31mCRITICAL[0m [1;37m|[0m[1;31m      r0: <BV32 TOP>,[0m[1;31m                             [0m
[2;36m                   [0m[2;36m [0m[1;7;31mCRITICAL[0m [1;37m|[0m[1;31m      r1: <BV32 TOP>,[0m[1;31m                             [0m
[2;36m                   [0m[2;36m [0m[1;7;31mCRITICAL[0m [1;37m|[0m[1;31m      ) @ 0x17dfc[0m[1;31m                                 [0m
[2;36m                   [0m[2;36m [0m[1;7;31mCRITICAL[0m [1;31m                                                   [0m
[2;36m                   [0m[2;36m [0m[1;7;31mCRITICAL[0m [1;31mBINARY: app_data_center                            [0m
[2;36m                   [0m[2;36m [0m[1;7;31mCRITICAL[0m [1;31mINPUT SOURCES:                                     [0m
[2;36m                   [0m[2;36m [0m[1;7;31mCRITICAL[0m [1;34mUNKNOWN[0m[1;31m                                            [0m
[2;36m                   [0m[2;36m [0m[34mINFO    [0m [37mFinished Running Analysis                          [0m
