[2;36m[04/16/26 13:37:37][0m[2;36m [0m[1;7;31mCRITICAL[0m [1;31mTARGETING SINKS: doSystemCmd                       [0m
[2;36m[04/16/26 13:37:38][0m[2;36m [0m[34mINFO    [0m [37mRunning RDA Taint on function                      [0m
[2;36m                    [0m         [37mkill_all_process@0x8d00...                         [0m
[2;36m[04/16/26 13:37:39][0m[2;36m [0m[34mINFO    [0m [37mRunning RDA on function kill_all_process@0x8d00... [0m
[2;36m[04/16/26 13:37:45][0m[2;36m [0m[34mINFO    [0m [37mFound 16 potential sinks.                          [0m
[2;36m                   [0m[2;36m [0m[34mINFO    [0m [34mResolved call to doSystemCmd:[0m[37m                      [0m
[2;36m                   [0m[2;36m [0m[34mINFO    [0m [37m|[0m[37mdoSystemCmd([0m[37m                                      [0m
[2;36m                   [0m[2;36m [0m[34mINFO    [0m [37m|[0m[37m            r0: "killall -9 cfmd"[0m[37m,[0m[37m                [0m
[2;36m                   [0m[2;36m [0m[34mINFO    [0m [37m|[0m[37m            ) @ 0x8f9c -> [0m[33m<BV32 0x0>[0m[37m              [0m
[2;36m                   [0m[2;36m [0m[34mINFO    [0m [34mResolved call to doSystemCmd:[0m[37m                      [0m
[2;36m                   [0m[2;36m [0m[34mINFO    [0m [37m|[0m[37mdoSystemCmd([0m[37m                                      [0m
[2;36m                   [0m[2;36m [0m[34mINFO    [0m [37m|[0m[37m            r0: "killall -9 time_check"[0m[37m,[0m[37m          [0m
[2;36m                   [0m[2;36m [0m[34mINFO    [0m [37m|[0m[37m            ) @ 0x8fac -> [0m[33m<BV32 0x0>[0m[37m              [0m
[2;36m                   [0m[2;36m [0m[34mINFO    [0m [34mResolved call to doSystemCmd:[0m[37m                      [0m
[2;36m                   [0m[2;36m [0m[34mINFO    [0m [37m|[0m[37mdoSystemCmd([0m[37m                                      [0m
[2;36m                   [0m[2;36m [0m[34mINFO    [0m [37m|[0m[37m            r0: "killall -9 business_proc"[0m[37m,[0m[37m       [0m
[2;36m                   [0m[2;36m [0m[34mINFO    [0m [37m|[0m[37m            ) @ 0x8fbc -> [0m[33m<BV32 0x0>[0m[37m              [0m
[2;36m                   [0m[2;36m [0m[34mINFO    [0m [34mResolved call to doSystemCmd:[0m[37m                      [0m
[2;36m                   [0m[2;36m [0m[34mINFO    [0m [37m|[0m[37mdoSystemCmd([0m[37m                                      [0m
[2;36m                   [0m[2;36m [0m[34mINFO    [0m [37m|[0m[37m            r0: "killall -9 ucloud_v2"[0m[37m,[0m[37m           [0m
[2;36m                   [0m[2;36m [0m[34mINFO    [0m [37m|[0m[37m            ) @ 0x8fcc -> [0m[33m<BV32 0x0>[0m[37m              [0m
[2;36m                   [0m[2;36m [0m[34mINFO    [0m [34mResolved call to doSystemCmd:[0m[37m                      [0m
[2;36m                   [0m[2;36m [0m[34mINFO    [0m [37m|[0m[37mdoSystemCmd([0m[37m                                      [0m
[2;36m                   [0m[2;36m [0m[34mINFO    [0m [37m|[0m[37m            r0: "killall -9 multiWAN"[0m[37m,[0m[37m            [0m
[2;36m                   [0m[2;36m [0m[34mINFO    [0m [37m|[0m[37m            ) @ 0x8fdc -> [0m[33m<BV32 0x0>[0m[37m              [0m
[2;36m                   [0m[2;36m [0m[34mINFO    [0m [34mResolved call to doSystemCmd:[0m[37m                      [0m
[2;36m                   [0m[2;36m [0m[34mINFO    [0m [37m|[0m[37mdoSystemCmd([0m[37m                                      [0m
[2;36m                   [0m[2;36m [0m[34mINFO    [0m [37m|[0m[37m            r0: "killall -9 acsd"[0m[37m,[0m[37m                [0m
[2;36m                   [0m[2;36m [0m[34mINFO    [0m [37m|[0m[37m            ) @ 0x9000 -> [0m[33m<BV32 0x0>[0m[37m              [0m
[2;36m                   [0m[2;36m [0m[34mINFO    [0m [34mResolved call to doSystemCmd:[0m[37m                      [0m
[2;36m                   [0m[2;36m [0m[34mINFO    [0m [37m|[0m[37mdoSystemCmd([0m[37m                                      [0m
[2;36m                   [0m[2;36m [0m[34mINFO    [0m [37m|[0m[37m            r0: "killall -9 eapd"[0m[37m,[0m[37m                [0m
[2;36m                   [0m[2;36m [0m[34mINFO    [0m [37m|[0m[37m            ) @ 0x9010 -> [0m[33m<BV32 0x0>[0m[37m              [0m
[2;36m                   [0m[2;36m [0m[34mINFO    [0m [34mResolved call to doSystemCmd:[0m[37m                      [0m
[2;36m                   [0m[2;36m [0m[34mINFO    [0m [37m|[0m[37mdoSystemCmd([0m[37m                                      [0m
[2;36m                   [0m[2;36m [0m[34mINFO    [0m [37m|[0m[37m            r0: "killall -9 dhcps"[0m[37m,[0m[37m               [0m
[2;36m                   [0m[2;36m [0m[34mINFO    [0m [37m|[0m[37m            ) @ 0x9020 -> [0m[33m<BV32 0x0>[0m[37m              [0m
[2;36m                   [0m[2;36m [0m[34mINFO    [0m [34mResolved call to doSystemCmd:[0m[37m                      [0m
[2;36m                   [0m[2;36m [0m[34mINFO    [0m [37m|[0m[37mdoSystemCmd([0m[37m                                      [0m
[2;36m                   [0m[2;36m [0m[34mINFO    [0m [37m|[0m[37m            r0: "killall -9 logserver"[0m[37m,[0m[37m           [0m
[2;36m                   [0m[2;36m [0m[34mINFO    [0m [37m|[0m[37m            ) @ 0x9030 -> [0m[33m<BV32 0x0>[0m[37m              [0m
[2;36m                   [0m[2;36m [0m[34mINFO    [0m [34mResolved call to doSystemCmd:[0m[37m                      [0m
[2;36m                   [0m[2;36m [0m[34mINFO    [0m [37m|[0m[37mdoSystemCmd([0m[37m                                      [0m
[2;36m                   [0m[2;36m [0m[34mINFO    [0m [37m|[0m[37m            r0: "killall -9 sntp"[0m[37m,[0m[37m                [0m
[2;36m                   [0m[2;36m [0m[34mINFO    [0m [37m|[0m[37m            ) @ 0x9040 -> [0m[33m<BV32 0x0>[0m[37m              [0m
[2;36m                   [0m[2;36m [0m[34mINFO    [0m [34mResolved call to doSystemCmd:[0m[37m                      [0m
[2;36m                   [0m[2;36m [0m[34mINFO    [0m [37m|[0m[37mdoSystemCmd([0m[37m                                      [0m
[2;36m                   [0m[2;36m [0m[34mINFO    [0m [37m|[0m[37m            r0: "killall -9 miniupnpd"[0m[37m,[0m[37m           [0m
[2;36m                   [0m[2;36m [0m[34mINFO    [0m [37m|[0m[37m            ) @ 0x9050 -> [0m[33m<BV32 0x0>[0m[37m              [0m
[2;36m                   [0m[2;36m [0m[34mINFO    [0m [34mResolved call to doSystemCmd:[0m[37m                      [0m
[2;36m                   [0m[2;36m [0m[34mINFO    [0m [37m|[0m[37mdoSystemCmd([0m[37m                                      [0m
[2;36m                   [0m[2;36m [0m[34mINFO    [0m [37m|[0m[37m            r0: "killall -9 dnrd"[0m[37m,[0m[37m                [0m
[2;36m[04/16/26 13:37:46][0m[2;36m [0m[34mINFO    [0m [37m|[0m[37m            ) @ 0x9060 -> [0m[33m<BV32 0x0>[0m[37m              [0m
[2;36m                   [0m[2;36m [0m[34mINFO    [0m [34mResolved call to doSystemCmd:[0m[37m                      [0m
[2;36m                   [0m[2;36m [0m[34mINFO    [0m [37m|[0m[37mdoSystemCmd([0m[37m                                      [0m
[2;36m                   [0m[2;36m [0m[34mINFO    [0m [37m|[0m[37m            r0: "killall -9 88ip"[0m[37m,[0m[37m                [0m
[2;36m                   [0m[2;36m [0m[34mINFO    [0m [37m|[0m[37m            ) @ 0x9070 -> [0m[33m<BV32 0x0>[0m[37m              [0m
[2;36m                   [0m[2;36m [0m[34mINFO    [0m [34mResolved call to doSystemCmd:[0m[37m                      [0m
[2;36m                   [0m[2;36m [0m[34mINFO    [0m [37m|[0m[37mdoSystemCmd([0m[37m                                      [0m
[2;36m                   [0m[2;36m [0m[34mINFO    [0m [37m|[0m[37m            r0: "killall -9 3322ip"[0m[37m,[0m[37m              [0m
[2;36m                   [0m[2;36m [0m[34mINFO    [0m [37m|[0m[37m            ) @ 0x9080 -> [0m[33m<BV32 0x0>[0m[37m              [0m
[2;36m                   [0m[2;36m [0m[34mINFO    [0m [34mResolved call to doSystemCmd:[0m[37m                      [0m
[2;36m                   [0m[2;36m [0m[34mINFO    [0m [37m|[0m[37mdoSystemCmd([0m[37m                                      [0m
[2;36m                   [0m[2;36m [0m[34mINFO    [0m [37m|[0m[37m            r0: "killall -9 auto_discover"[0m[37m,[0m[37m       [0m
[2;36m                   [0m[2;36m [0m[34mINFO    [0m [37m|[0m[37m            ) @ 0x9090 -> [0m[33m<BV32 0x0>[0m[37m              [0m
[2;36m                   [0m[2;36m [0m[34mINFO    [0m [34mResolved call to doSystemCmd:[0m[37m                      [0m
[2;36m                   [0m[2;36m [0m[34mINFO    [0m [37m|[0m[37mdoSystemCmd([0m[37m                                      [0m
[2;36m                   [0m[2;36m [0m[34mINFO    [0m [37m|[0m[37m            r0: "killall -9 netctrl"[0m[37m,[0m[37m             [0m
[2;36m                   [0m[2;36m [0m[34mINFO    [0m [37m|[0m[37m            ) @ 0x90a0 -> [0m[33m<BV32 0x0>[0m[37m              [0m
[2;36m                   [0m[2;36m [0m[34mINFO    [0m [37mFound 0 unresolved vulnerable definitions.         [0m
[2;36m                   [0m[2;36m [0m[34mINFO    [0m [37mExclude function 0x8d00 from future slices since   [0m
[2;36m                    [0m         [37mthe data dependencies are fully resolved.          [0m
[2;36m                   [0m[2;36m [0m[34mINFO    [0m [37mAnalyzed 0/3 for sink doSystemCmd                  [0m
[2;36m                   [0m[2;36m [0m[34mINFO    [0m [37mRunning RDA Taint on function                      [0m
[2;36m                    [0m         [37mw302r_reboot@0x910c...                             [0m
[2;36m                   [0m[2;36m [0m[34mINFO    [0m [37mRunning RDA Taint on function                      [0m
[2;36m                    [0m         [37mvpn_down_connect@0x8978...                         [0m
[2;36m                   [0m[2;36m [0m[34mINFO    [0m [37mRunning RDA on function vpn_down_connect@0x8978... [0m
[2;36m                   [0m[2;36m [0m[34mINFO    [0m [37mFound 2 potential sinks.                           [0m
[2;36m                   [0m[2;36m [0m[34mINFO    [0m [34mResolved call to doSystemCmd:[0m[37m                      [0m
[2;36m                   [0m[2;36m [0m[34mINFO    [0m [37m|[0m[37mdoSystemCmd([0m[37m                                      [0m
[2;36m                   [0m[2;36m [0m[34mINFO    [0m [37m|[0m[37m            r0: "killall -15 pptp_callmgr"[0m[37m,[0m[37m       [0m
[2;36m                   [0m[2;36m [0m[34mINFO    [0m [37m|[0m[37m            ) @ 0x8bd0 -> [0m[33m<BV32 0x0>[0m[37m              [0m
[2;36m                   [0m[2;36m [0m[34mINFO    [0m [34mResolved call to doSystemCmd:[0m[37m                      [0m
[2;36m                   [0m[2;36m [0m[34mINFO    [0m [37m|[0m[37mdoSystemCmd([0m[37m                                      [0m
[2;36m                   [0m[2;36m [0m[34mINFO    [0m [37m|[0m[37m            r0: "killall -15 pptpd"[0m[37m,[0m[37m              [0m
[2;36m                   [0m[2;36m [0m[34mINFO    [0m [37m|[0m[37m            ) @ 0x8cb0 -> [0m[33m<BV32 0x0>[0m[37m              [0m
[2;36m                   [0m[2;36m [0m[34mINFO    [0m [37mFound 0 unresolved vulnerable definitions.         [0m
[2;36m                   [0m[2;36m [0m[34mINFO    [0m [37mExclude function 0x8978 from future slices since   [0m
[2;36m                    [0m         [37mthe data dependencies are fully resolved.          [0m
[2;36m                   [0m[2;36m [0m[34mINFO    [0m [37mAnalyzed 2/3 for sink doSystemCmd                  [0m
[2;36m                   [0m[2;36m [0m[34mINFO    [0m [37mFinished Running Analysis                          [0m
